2026-04-23 16:11:42.301 [info] Extension host with pid 19095 started
2026-04-23 16:11:42.345 [info] ExtensionService#_doActivateExtension vscode.github-authentication, startup: false, activationEvent: 'onAuthenticationRequest:github'
2026-04-23 16:11:42.362 [info] ExtensionService#_doActivateExtension vscode.emmet, startup: false, activationEvent: 'onLanguage'
2026-04-23 16:11:42.417 [info] ExtensionService#_doActivateExtension vscode.git-base, startup: true, activationEvent: '*', root cause: vscode.git
2026-04-23 16:11:42.464 [info] ExtensionService#_doActivateExtension vscode.git, startup: true, activationEvent: '*'
2026-04-23 16:11:42.492 [info] ExtensionService#_doActivateExtension vscode.github, startup: true, activationEvent: '*'
2026-04-23 16:11:42.557 [info] Eager extensions activated
2026-04-23 16:11:42.609 [info] ExtensionService#_doActivateExtension vscode.debug-auto-launch, startup: false, activationEvent: 'onStartupFinished'
2026-04-23 16:11:42.610 [info] ExtensionService#_doActivateExtension vscode.merge-conflict, startup: false, activationEvent: 'onStartupFinished'
2026-04-23 16:12:02.163 [warning] [Decorations] CAPPING events from decorations provider vscode.git 3178
2026-04-23 16:12:02.409 [warning] [Decorations] CAPPING events from decorations provider vscode.git 3178
2026-04-23 16:12:03.730 [warning] [Decorations] CAPPING events from decorations provider vscode.git 3176
2026-04-23 16:12:08.838 [warning] [Decorations] CAPPING events from decorations provider vscode.git 3176
2026-04-23 16:12:13.983 [warning] [Decorations] CAPPING events from decorations provider vscode.git 3176
2026-04-23 16:12:19.077 [warning] [Decorations] CAPPING events from decorations provider vscode.git 3176
2026-04-23 16:12:24.190 [warning] [Decorations] CAPPING events from decorations provider vscode.git 3176
2026-04-23 16:12:29.285 [warning] [Decorations] CAPPING events from decorations provider vscode.git 3176
2026-04-23 16:12:34.376 [warning] [Decorations] CAPPING events from decorations provider vscode.git 3176
2026-04-23 16:12:39.507 [warning] [Decorations] CAPPING events from decorations provider vscode.git 3176
2026-04-23 16:12:44.640 [warning] [Decorations] CAPPING events from decorations provider vscode.git 3176
2026-04-23 16:12:49.731 [warning] [Decorations] CAPPING events from decorations provider vscode.git 3177
2026-04-23 16:12:54.838 [warning] [Decorations] CAPPING events from decorations provider vscode.git 3177
2026-04-23 16:12:59.967 [warning] [Decorations] CAPPING events from decorations provider vscode.git 3177
2026-04-23 16:13:05.113 [warning] [Decorations] CAPPING events from decorations provider vscode.git 3177
2026-04-23 16:13:10.209 [warning] [Decorations] CAPPING events from decorations provider vscode.git 3177
2026-04-23 16:13:15.317 [warning] [Decorations] CAPPING events from decorations provider vscode.git 3177
2026-04-23 16:15:06.934 [warning] [Decorations] CAPPING events from decorations provider vscode.git 3177
2026-04-23 16:15:12.919 [warning] [Decorations] CAPPING events from decorations provider vscode.git 3175
2026-04-23 16:15:18.439 [warning] [Decorations] CAPPING events from decorations provider vscode.git 3175
2026-04-23 16:15:23.542 [warning] [Decorations] CAPPING events from decorations provider vscode.git 3175
2026-04-23 16:15:28.647 [warning] [Decorations] CAPPING events from decorations provider vscode.git 3175
2026-04-23 16:15:33.766 [warning] [Decorations] CAPPING events from decorations provider vscode.git 3175
2026-04-23 16:15:38.889 [warning] [Decorations] CAPPING events from decorations provider vscode.git 3175
2026-04-23 16:15:42.857 [info] ExtensionService#_doActivateExtension vscode.configuration-editing, startup: false, activationEvent: 'onLanguage:jsonc'
2026-04-23 16:15:42.878 [info] ExtensionService#_doActivateExtension vscode.json-language-features, startup: false, activationEvent: 'onLanguage:jsonc'
2026-04-23 16:15:42.925 [info] ExtensionService#_doActivateExtension vscode.typescript-language-features, startup: false, activationEvent: 'onLanguage:jsonc'
2026-04-23 16:15:44.000 [warning] [Decorations] CAPPING events from decorations provider vscode.git 3178
2026-04-23 16:15:49.108 [warning] [Decorations] CAPPING events from decorations provider vscode.git 3178
2026-04-23 16:15:54.230 [warning] [Decorations] CAPPING events from decorations provider vscode.git 3178
2026-04-23 16:15:59.343 [warning] [Decorations] CAPPING events from decorations provider vscode.git 3178
2026-04-23 16:16:04.484 [warning] [Decorations] CAPPING events from decorations provider vscode.git 3178
2026-04-23 16:16:09.585 [warning] [Decorations] CAPPING events from decorations provider vscode.git 3179
2026-04-23 16:16:14.693 [warning] [Decorations] CAPPING events from decorations provider vscode.git 3179
2026-04-23 16:16:19.801 [warning] [Decorations] CAPPING events from decorations provider vscode.git 3179
2026-04-23 16:16:24.907 [warning] [Decorations] CAPPING events from decorations provider vscode.git 3179
2026-04-23 16:16:30.006 [warning] [Decorations] CAPPING events from decorations provider vscode.git 3179
2026-04-23 16:16:35.110 [warning] [Decorations] CAPPING events from decorations provider vscode.git 3179
2026-04-23 16:16:40.222 [warning] [Decorations] CAPPING events from decorations provider vscode.git 3179
2026-04-23 16:16:45.327 [warning] [Decorations] CAPPING events from decorations provider vscode.git 3179
2026-04-23 16:16:50.488 [warning] [Decorations] CAPPING events from decorations provider vscode.git 3180
2026-04-23 16:16:55.591 [warning] [Decorations] CAPPING events from decorations provider vscode.git 3180
2026-04-23 16:17:00.677 [warning] [Decorations] CAPPING events from decorations provider vscode.git 3180
2026-04-23 16:17:05.772 [warning] [Decorations] CAPPING events from decorations provider vscode.git 3181
2026-04-23 16:17:10.882 [warning] [Decorations] CAPPING events from decorations provider vscode.git 3201
2026-04-23 16:17:15.980 [warning] [Decorations] CAPPING events from decorations provider vscode.git 3202
2026-04-23 16:17:21.104 [warning] [Decorations] CAPPING events from decorations provider vscode.git 3202
2026-04-23 16:17:26.200 [warning] [Decorations] CAPPING events from decorations provider vscode.git 3202
2026-04-23 16:17:31.312 [warning] [Decorations] CAPPING events from decorations provider vscode.git 3202
2026-04-23 16:17:36.411 [warning] [Decorations] CAPPING events from decorations provider vscode.git 3203
2026-04-23 16:17:41.518 [warning] [Decorations] CAPPING events from decorations provider vscode.git 3203
2026-04-23 16:17:46.811 [warning] [Decorations] CAPPING events from decorations provider vscode.git 3203
2026-04-23 16:17:51.922 [warning] [Decorations] CAPPING events from decorations provider vscode.git 3204
2026-04-23 16:17:57.021 [warning] [Decorations] CAPPING events from decorations provider vscode.git 3204
2026-04-23 16:18:02.144 [warning] [Decorations] CAPPING events from decorations provider vscode.git 3205
2026-04-23 16:18:07.260 [warning] [Decorations] CAPPING events from decorations provider vscode.git 3209
2026-04-23 16:18:12.382 [warning] [Decorations] CAPPING events from decorations provider vscode.git 3209
2026-04-23 16:18:17.515 [warning] [Decorations] CAPPING events from decorations provider vscode.git 3209
2026-04-23 16:18:22.605 [warning] [Decorations] CAPPING events from decorations provider vscode.git 3210
2026-04-23 16:18:27.705 [warning] [Decorations] CAPPING events from decorations provider vscode.git 3210
2026-04-23 16:18:32.817 [warning] [Decorations] CAPPING events from decorations provider vscode.git 3210
2026-04-23 16:18:37.916 [warning] [Decorations] CAPPING events from decorations provider vscode.git 3227
2026-04-23 16:18:43.009 [warning] [Decorations] CAPPING events from decorations provider vscode.git 3227
2026-04-23 16:18:48.098 [warning] [Decorations] CAPPING events from decorations provider vscode.git 3227
2026-04-23 16:18:53.184 [warning] [Decorations] CAPPING events from decorations provider vscode.git 3227
2026-04-23 16:18:58.261 [warning] [Decorations] CAPPING events from decorations provider vscode.git 3227
2026-04-23 16:19:03.357 [warning] [Decorations] CAPPING events from decorations provider vscode.git 3227
2026-04-23 16:19:08.460 [warning] [Decorations] CAPPING events from decorations provider vscode.git 3227
2026-04-23 16:19:13.556 [warning] [Decorations] CAPPING events from decorations provider vscode.git 3227
2026-04-23 16:19:18.677 [warning] [Decorations] CAPPING events from decorations provider vscode.git 3227
2026-04-23 16:19:23.824 [warning] [Decorations] CAPPING events from decorations provider vscode.git 3227
2026-04-23 16:19:28.921 [warning] [Decorations] CAPPING events from decorations provider vscode.git 3227
2026-04-23 16:19:34.001 [warning] [Decorations] CAPPING events from decorations provider vscode.git 3229
2026-04-23 16:19:39.104 [warning] [Decorations] CAPPING events from decorations provider vscode.git 3243
2026-04-23 16:19:44.198 [warning] [Decorations] CAPPING events from decorations provider vscode.git 3252
2026-04-23 16:19:49.308 [warning] [Decorations] CAPPING events from decorations provider vscode.git 3259
2026-04-23 16:19:54.418 [warning] [Decorations] CAPPING events from decorations provider vscode.git 3281
2026-04-23 16:19:59.516 [warning] [Decorations] CAPPING events from decorations provider vscode.git 3287
2026-04-23 16:20:04.626 [warning] [Decorations] CAPPING events from decorations provider vscode.git 3300
2026-04-23 16:20:09.775 [warning] [Decorations] CAPPING events from decorations provider vscode.git 3300
2026-04-23 16:20:14.874 [warning] [Decorations] CAPPING events from decorations provider vscode.git 3300
2026-04-23 16:20:20.011 [warning] [Decorations] CAPPING events from decorations provider vscode.git 3310
2026-04-23 16:20:25.104 [warning] [Decorations] CAPPING events from decorations provider vscode.git 3313
2026-04-23 16:20:30.228 [warning] [Decorations] CAPPING events from decorations provider vscode.git 3315
2026-04-23 16:20:35.329 [warning] [Decorations] CAPPING events from decorations provider vscode.git 3317
2026-04-23 16:20:40.456 [warning] [Decorations] CAPPING events from decorations provider vscode.git 3317
2026-04-23 16:20:45.539 [warning] [Decorations] CAPPING events from decorations provider vscode.git 3317
2026-04-23 16:20:50.674 [warning] [Decorations] CAPPING events from decorations provider vscode.git 3317
2026-04-23 16:20:55.765 [warning] [Decorations] CAPPING events from decorations provider vscode.git 3318
2026-04-23 16:21:00.874 [warning] [Decorations] CAPPING events from decorations provider vscode.git 3321
2026-04-23 16:21:05.997 [warning] [Decorations] CAPPING events from decorations provider vscode.git 3323
2026-04-23 16:21:11.126 [warning] [Decorations] CAPPING events from decorations provider vscode.git 3326
2026-04-23 16:21:16.196 [warning] [Decorations] CAPPING events from decorations provider vscode.git 3326
2026-04-23 16:21:21.348 [warning] [Decorations] CAPPING events from decorations provider vscode.git 3326
2026-04-23 16:21:26.468 [warning] [Decorations] CAPPING events from decorations provider vscode.git 3326
2026-04-23 16:21:31.594 [warning] [Decorations] CAPPING events from decorations provider vscode.git 3327
2026-04-23 16:21:36.716 [warning] [Decorations] CAPPING events from decorations provider vscode.git 3327
2026-04-23 16:21:41.853 [warning] [Decorations] CAPPING events from decorations provider vscode.git 3327
2026-04-23 16:21:46.987 [warning] [Decorations] CAPPING events from decorations provider vscode.git 3327
2026-04-23 16:21:52.082 [warning] [Decorations] CAPPING events from decorations provider vscode.git 3334
2026-04-23 16:21:57.163 [warning] [Decorations] CAPPING events from decorations provider vscode.git 3346
2026-04-23 16:22:02.276 [warning] [Decorations] CAPPING events from decorations provider vscode.git 3352
2026-04-23 16:22:07.369 [warning] [Decorations] CAPPING events from decorations provider vscode.git 3352
2026-04-23 16:22:12.477 [warning] [Decorations] CAPPING events from decorations provider vscode.git 3353
2026-04-23 16:22:17.590 [warning] [Decorations] CAPPING events from decorations provider vscode.git 3353
2026-04-23 16:22:22.723 [warning] [Decorations] CAPPING events from decorations provider vscode.git 3367
2026-04-23 16:22:27.837 [warning] [Decorations] CAPPING events from decorations provider vscode.git 3367
2026-04-23 16:22:32.928 [warning] [Decorations] CAPPING events from decorations provider vscode.git 3367
2026-04-23 16:22:38.060 [warning] [Decorations] CAPPING events from decorations provider vscode.git 3367
2026-04-23 16:22:43.181 [warning] [Decorations] CAPPING events from decorations provider vscode.git 3368
2026-04-23 16:22:48.286 [warning] [Decorations] CAPPING events from decorations provider vscode.git 3368
2026-04-23 16:22:53.420 [warning] [Decorations] CAPPING events from decorations provider vscode.git 3368
2026-04-23 16:22:58.503 [warning] [Decorations] CAPPING events from decorations provider vscode.git 3368
2026-04-23 16:23:03.604 [warning] [Decorations] CAPPING events from decorations provider vscode.git 3368
2026-04-23 16:23:08.695 [warning] [Decorations] CAPPING events from decorations provider vscode.git 3368
2026-04-23 16:23:13.805 [warning] [Decorations] CAPPING events from decorations provider vscode.git 3368
2026-04-23 16:23:18.917 [warning] [Decorations] CAPPING events from decorations provider vscode.git 3368
2026-04-23 16:23:24.023 [warning] [Decorations] CAPPING events from decorations provider vscode.git 3370
2026-04-23 16:23:29.138 [warning] [Decorations] CAPPING events from decorations provider vscode.git 3370
2026-04-23 16:23:34.234 [warning] [Decorations] CAPPING events from decorations provider vscode.git 3371
2026-04-23 16:23:39.345 [warning] [Decorations] CAPPING events from decorations provider vscode.git 3371
2026-04-23 16:23:44.476 [warning] [Decorations] CAPPING events from decorations provider vscode.git 3371
2026-04-23 16:23:49.559 [warning] [Decorations] CAPPING events from decorations provider vscode.git 3371
2026-04-23 16:23:54.638 [warning] [Decorations] CAPPING events from decorations provider vscode.git 3371
2026-04-23 16:23:59.749 [warning] [Decorations] CAPPING events from decorations provider vscode.git 3371
2026-04-23 16:24:04.868 [warning] [Decorations] CAPPING events from decorations provider vscode.git 3371
2026-04-23 16:24:09.986 [warning] [Decorations] CAPPING events from decorations provider vscode.git 3371
2026-04-23 16:24:15.120 [warning] [Decorations] CAPPING events from decorations provider vscode.git 3371
2026-04-23 16:24:20.213 [warning] [Decorations] CAPPING events from decorations provider vscode.git 3371
2026-04-23 16:24:26.337 [warning] [Decorations] CAPPING events from decorations provider vscode.git 3371
2026-04-23 16:24:37.175 [warning] [Decorations] CAPPING events from decorations provider vscode.git 3371
2026-04-23 16:24:42.742 [warning] [Decorations] CAPPING events from decorations provider vscode.git 3371
2026-04-23 16:24:47.841 [warning] [Decorations] CAPPING events from decorations provider vscode.git 3371
2026-04-23 16:24:52.930 [warning] [Decorations] CAPPING events from decorations provider vscode.git 3371
2026-04-23 16:24:58.020 [warning] [Decorations] CAPPING events from decorations provider vscode.git 3371
2026-04-23 16:25:03.106 [warning] [Decorations] CAPPING events from decorations provider vscode.git 3371
2026-04-23 16:25:08.200 [warning] [Decorations] CAPPING events from decorations provider vscode.git 3372
2026-04-23 16:25:13.307 [warning] [Decorations] CAPPING events from decorations provider vscode.git 3372
2026-04-23 16:25:18.412 [warning] [Decorations] CAPPING events from decorations provider vscode.git 3372
2026-04-23 16:25:23.526 [warning] [Decorations] CAPPING events from decorations provider vscode.git 3372
2026-04-23 16:25:36.678 [warning] [Decorations] CAPPING events from decorations provider vscode.git 3372
2026-04-23 16:25:41.764 [warning] [Decorations] CAPPING events from decorations provider vscode.git 3372
2026-04-23 16:25:46.862 [warning] [Decorations] CAPPING events from decorations provider vscode.git 3372
2026-04-23 16:25:51.959 [warning] [Decorations] CAPPING events from decorations provider vscode.git 3373
2026-04-23 16:26:01.721 [warning] [Decorations] CAPPING events from decorations provider vscode.git 3373
2026-04-23 16:26:06.828 [warning] [Decorations] CAPPING events from decorations provider vscode.git 3373
2026-04-23 16:26:11.920 [warning] [Decorations] CAPPING events from decorations provider vscode.git 3373
2026-04-23 16:26:17.013 [warning] [Decorations] CAPPING events from decorations provider vscode.git 3373
2026-04-23 16:26:22.102 [warning] [Decorations] CAPPING events from decorations provider vscode.git 3373
2026-04-23 16:26:32.759 [warning] [Decorations] CAPPING events from decorations provider vscode.git 3373
2026-04-23 16:26:37.877 [warning] [Decorations] CAPPING events from decorations provider vscode.git 3373
2026-04-23 16:26:42.989 [warning] [Decorations] CAPPING events from decorations provider vscode.git 3373
2026-04-23 16:26:48.101 [warning] [Decorations] CAPPING events from decorations provider vscode.git 3373
2026-04-23 16:26:53.170 [warning] [Decorations] CAPPING events from decorations provider vscode.git 3373
2026-04-23 16:26:58.307 [warning] [Decorations] CAPPING events from decorations provider vscode.git 3373
2026-04-23 16:27:03.380 [warning] [Decorations] CAPPING events from decorations provider vscode.git 3374
2026-04-23 16:27:08.481 [warning] [Decorations] CAPPING events from decorations provider vscode.git 3374
2026-04-23 16:27:13.591 [warning] [Decorations] CAPPING events from decorations provider vscode.git 3374
2026-04-23 16:27:18.710 [warning] [Decorations] CAPPING events from decorations provider vscode.git 3374
2026-04-23 16:27:23.823 [warning] [Decorations] CAPPING events from decorations provider vscode.git 3375
2026-04-23 16:27:28.918 [warning] [Decorations] CAPPING events from decorations provider vscode.git 3375
2026-04-23 16:27:34.027 [warning] [Decorations] CAPPING events from decorations provider vscode.git 3375
2026-04-23 16:27:43.710 [warning] [Decorations] CAPPING events from decorations provider vscode.git 3376
2026-04-23 16:27:48.798 [warning] [Decorations] CAPPING events from decorations provider vscode.git 3376
2026-04-23 16:28:49.895 [warning] [Decorations] CAPPING events from decorations provider vscode.git 3376
2026-04-23 16:28:54.995 [warning] [Decorations] CAPPING events from decorations provider vscode.git 3376
2026-04-23 16:29:00.114 [warning] [Decorations] CAPPING events from decorations provider vscode.git 3377
2026-04-23 16:29:05.222 [warning] [Decorations] CAPPING events from decorations provider vscode.git 3377
2026-04-23 16:29:10.316 [warning] [Decorations] CAPPING events from decorations provider vscode.git 3377
2026-04-23 16:29:15.412 [warning] [Decorations] CAPPING events from decorations provider vscode.git 3377
2026-04-23 16:29:20.522 [warning] [Decorations] CAPPING events from decorations provider vscode.git 3377
2026-04-23 16:29:25.605 [warning] [Decorations] CAPPING events from decorations provider vscode.git 3377
2026-04-23 16:29:30.716 [warning] [Decorations] CAPPING events from decorations provider vscode.git 3377
2026-04-23 16:29:35.846 [warning] [Decorations] CAPPING events from decorations provider vscode.git 3377
2026-04-23 16:29:41.537 [warning] [Decorations] CAPPING events from decorations provider vscode.git 3378
2026-04-23 16:30:08.630 [info] ExtensionService#_doActivateExtension vscode.css-language-features, startup: false, activationEvent: 'onLanguage:css'
2026-04-23 16:30:08.700 [warning] [Decorations] CAPPING events from decorations provider vscode.git 3379
2026-04-23 16:30:13.804 [warning] [Decorations] CAPPING events from decorations provider vscode.git 3379
2026-04-23 16:30:31.021 [warning] [Decorations] CAPPING events from decorations provider vscode.git 3379
2026-04-23 16:30:36.164 [warning] [Decorations] CAPPING events from decorations provider vscode.git 3378
2026-04-23 16:30:41.247 [warning] [Decorations] CAPPING events from decorations provider vscode.git 3378
2026-04-23 16:30:46.357 [warning] [Decorations] CAPPING events from decorations provider vscode.git 3378
2026-04-23 16:30:54.649 [warning] [Decorations] CAPPING events from decorations provider vscode.git 3379
2026-04-23 16:30:59.745 [warning] [Decorations] CAPPING events from decorations provider vscode.git 3379
2026-04-23 16:31:05.233 [warning] [Decorations] CAPPING events from decorations provider vscode.git 3380
2026-04-23 16:31:10.337 [warning] [Decorations] CAPPING events from decorations provider vscode.git 3380
2026-04-23 16:31:15.449 [warning] [Decorations] CAPPING events from decorations provider vscode.git 3380
2026-04-23 16:31:23.016 [warning] [Decorations] CAPPING events from decorations provider vscode.git 3380
2026-04-23 16:31:28.135 [warning] [Decorations] CAPPING events from decorations provider vscode.git 3380
2026-04-23 16:31:34.101 [warning] [Decorations] CAPPING events from decorations provider vscode.git 3380
2026-04-23 16:31:45.404 [warning] [Decorations] CAPPING events from decorations provider vscode.git 3380
2026-04-23 16:31:50.532 [warning] [Decorations] CAPPING events from decorations provider vscode.git 3380
2026-04-23 16:32:35.921 [warning] [Decorations] CAPPING events from decorations provider vscode.git 3381
2026-04-23 16:32:41.046 [warning] [Decorations] CAPPING events from decorations provider vscode.git 3381
2026-04-23 16:32:46.176 [warning] [Decorations] CAPPING events from decorations provider vscode.git 3381
2026-04-23 16:32:51.270 [warning] [Decorations] CAPPING events from decorations provider vscode.git 3381
2026-04-23 16:32:56.395 [warning] [Decorations] CAPPING events from decorations provider vscode.git 3381
2026-04-23 16:33:01.490 [warning] [Decorations] CAPPING events from decorations provider vscode.git 3382
2026-04-23 16:33:06.627 [warning] [Decorations] CAPPING events from decorations provider vscode.git 3382
2026-04-23 16:33:11.726 [warning] [Decorations] CAPPING events from decorations provider vscode.git 3382
2026-04-23 16:33:16.842 [warning] [Decorations] CAPPING events from decorations provider vscode.git 3382
2026-04-23 16:33:21.923 [warning] [Decorations] CAPPING events from decorations provider vscode.git 3382
2026-04-23 16:33:27.015 [warning] [Decorations] CAPPING events from decorations provider vscode.git 3382
2026-04-23 16:33:32.136 [warning] [Decorations] CAPPING events from decorations provider vscode.git 3382
2026-04-23 16:33:37.266 [warning] [Decorations] CAPPING events from decorations provider vscode.git 3380
2026-04-23 16:33:42.378 [warning] [Decorations] CAPPING events from decorations provider vscode.git 3380
2026-04-23 16:33:47.501 [warning] [Decorations] CAPPING events from decorations provider vscode.git 3380
2026-04-23 16:33:52.614 [warning] [Decorations] CAPPING events from decorations provider vscode.git 3380
2026-04-23 16:33:57.704 [warning] [Decorations] CAPPING events from decorations provider vscode.git 3380
2026-04-23 16:34:02.816 [warning] [Decorations] CAPPING events from decorations provider vscode.git 3380
2026-04-23 16:34:07.943 [warning] [Decorations] CAPPING events from decorations provider vscode.git 3380
2026-04-23 16:34:13.060 [warning] [Decorations] CAPPING events from decorations provider vscode.git 3380
2026-04-23 16:34:18.204 [warning] [Decorations] CAPPING events from decorations provider vscode.git 3381
2026-04-23 16:34:23.337 [warning] [Decorations] CAPPING events from decorations provider vscode.git 3381
2026-04-23 16:34:28.435 [warning] [Decorations] CAPPING events from decorations provider vscode.git 3381
2026-04-23 16:34:33.536 [warning] [Decorations] CAPPING events from decorations provider vscode.git 3381
2026-04-23 16:34:38.640 [warning] [Decorations] CAPPING events from decorations provider vscode.git 3381
2026-04-23 16:34:43.744 [warning] [Decorations] CAPPING events from decorations provider vscode.git 3381
2026-04-23 16:34:48.859 [warning] [Decorations] CAPPING events from decorations provider vscode.git 3381
2026-04-23 16:34:53.992 [warning] [Decorations] CAPPING events from decorations provider vscode.git 3381
2026-04-23 16:34:59.120 [warning] [Decorations] CAPPING events from decorations provider vscode.git 3381
2026-04-23 16:35:04.246 [warning] [Decorations] CAPPING events from decorations provider vscode.git 3381
2026-04-23 16:36:56.455 [warning] [Decorations] CAPPING events from decorations provider vscode.git 3383
2026-04-23 16:37:01.567 [warning] [Decorations] CAPPING events from decorations provider vscode.git 3383
2026-04-23 16:37:06.678 [warning] [Decorations] CAPPING events from decorations provider vscode.git 3383
2026-04-23 16:37:17.744 [warning] [Decorations] CAPPING events from decorations provider vscode.git 3386
2026-04-23 16:37:22.904 [warning] [Decorations] CAPPING events from decorations provider vscode.git 3386
2026-04-23 16:37:27.999 [warning] [Decorations] CAPPING events from decorations provider vscode.git 3387
2026-04-23 16:37:33.164 [warning] [Decorations] CAPPING events from decorations provider vscode.git 3387
2026-04-23 16:37:38.411 [warning] [Decorations] CAPPING events from decorations provider vscode.git 3388
2026-04-23 16:38:05.289 [warning] [Decorations] CAPPING events from decorations provider vscode.git 3388
2026-04-23 16:38:11.202 [warning] [Decorations] CAPPING events from decorations provider vscode.git 3388
2026-04-23 16:38:16.313 [warning] [Decorations] CAPPING events from decorations provider vscode.git 3388
2026-04-23 16:38:21.407 [warning] [Decorations] CAPPING events from decorations provider vscode.git 3388
2026-04-23 16:38:26.508 [warning] [Decorations] CAPPING events from decorations provider vscode.git 3388
2026-04-23 16:38:31.592 [warning] [Decorations] CAPPING events from decorations provider vscode.git 3388
2026-04-23 16:39:43.643 [warning] [Decorations] CAPPING events from decorations provider vscode.git 3389
2026-04-23 16:39:48.775 [warning] [Decorations] CAPPING events from decorations provider vscode.git 3388
2026-04-23 16:39:53.887 [warning] [Decorations] CAPPING events from decorations provider vscode.git 3388
2026-04-23 16:39:59.008 [warning] [Decorations] CAPPING events from decorations provider vscode.git 3388
2026-04-23 16:40:04.158 [warning] [Decorations] CAPPING events from decorations provider vscode.git 3388
2026-04-23 16:40:09.259 [warning] [Decorations] CAPPING events from decorations provider vscode.git 3388
2026-04-23 16:40:14.384 [warning] [Decorations] CAPPING events from decorations provider vscode.git 3388
2026-04-23 16:40:19.489 [warning] [Decorations] CAPPING events from decorations provider vscode.git 3389
2026-04-23 16:40:24.602 [warning] [Decorations] CAPPING events from decorations provider vscode.git 3389
2026-04-23 16:40:29.720 [warning] [Decorations] CAPPING events from decorations provider vscode.git 3389
2026-04-23 16:40:34.825 [warning] [Decorations] CAPPING events from decorations provider vscode.git 3389
2026-04-23 16:40:39.926 [warning] [Decorations] CAPPING events from decorations provider vscode.git 3389
2026-04-23 16:40:45.022 [warning] [Decorations] CAPPING events from decorations provider vscode.git 3389
2026-04-23 16:40:50.120 [warning] [Decorations] CAPPING events from decorations provider vscode.git 3389
2026-04-23 16:40:55.227 [warning] [Decorations] CAPPING events from decorations provider vscode.git 3389
2026-04-23 16:41:00.316 [warning] [Decorations] CAPPING events from decorations provider vscode.git 3389
2026-04-23 16:41:05.397 [warning] [Decorations] CAPPING events from decorations provider vscode.git 3389
2026-04-23 16:41:10.486 [warning] [Decorations] CAPPING events from decorations provider vscode.git 3389
2026-04-23 16:41:15.589 [warning] [Decorations] CAPPING events from decorations provider vscode.git 3389
2026-04-23 16:41:20.700 [warning] [Decorations] CAPPING events from decorations provider vscode.git 3389
2026-04-23 16:41:25.817 [warning] [Decorations] CAPPING events from decorations provider vscode.git 3390
2026-04-23 16:41:30.914 [warning] [Decorations] CAPPING events from decorations provider vscode.git 3390
2026-04-23 16:41:36.091 [warning] [Decorations] CAPPING events from decorations provider vscode.git 3390
2026-04-23 16:41:46.676 [warning] [Decorations] CAPPING events from decorations provider vscode.git 3391
2026-04-23 16:41:51.797 [warning] [Decorations] CAPPING events from decorations provider vscode.git 3390
2026-04-23 16:41:56.921 [warning] [Decorations] CAPPING events from decorations provider vscode.git 3390
2026-04-23 16:42:02.059 [warning] [Decorations] CAPPING events from decorations provider vscode.git 3390
2026-04-23 16:42:09.098 [warning] [Decorations] CAPPING events from decorations provider vscode.git 3390
2026-04-23 16:42:14.225 [warning] [Decorations] CAPPING events from decorations provider vscode.git 3390
2026-04-23 16:42:19.345 [warning] [Decorations] CAPPING events from decorations provider vscode.git 3390
2026-04-23 16:42:24.450 [warning] [Decorations] CAPPING events from decorations provider vscode.git 3390
2026-04-23 16:42:29.602 [warning] [Decorations] CAPPING events from decorations provider vscode.git 3390
2026-04-23 16:42:34.708 [warning] [Decorations] CAPPING events from decorations provider vscode.git 3391
2026-04-23 16:42:52.232 [warning] [Decorations] CAPPING events from decorations provider vscode.git 3391
