2026-04-22 21:54:01.819 [info] [main] Log level: Info
2026-04-22 21:54:01.819 [info] [main] Validating found git in: "git"
2026-04-22 21:54:01.819 [info] [main] Using git "2.53.0" from "git"
2026-04-22 21:54:01.819 [info] [Model][doInitialScan] Initial repository scan started
2026-04-22 21:54:01.819 [info] > git rev-parse --show-toplevel [4ms]
2026-04-22 21:54:01.819 [info] > git rev-parse --git-dir --git-common-dir --show-superproject-working-tree [4ms]
2026-04-22 21:54:01.819 [info] [Model][openRepository] Opened repository (path): /home/alienware/.config
2026-04-22 21:54:01.819 [info] [Model][openRepository] Opened repository (real path): /home/alienware/.config
2026-04-22 21:54:01.819 [info] [Model][openRepository] Opened repository (kind): repository
2026-04-22 21:54:01.819 [info] [Model][doInitialScan] Initial repository scan completed - repositories (1), closed repositories (0), parent repositories (0), unsafe repositories (0)
2026-04-22 21:54:01.819 [info] > git config --get commit.template [33ms]
2026-04-22 21:54:01.858 [info] > git for-each-ref --format=%(refname)%00%(upstream:short)%00%(objectname)%00%(upstream:track)%00%(upstream:remotename)%00%(upstream:remoteref) refs/heads/main refs/remotes/main [40ms]
2026-04-22 21:54:01.902 [info] > git for-each-ref --sort -committerdate --format %(refname)%00%(objectname)%00%(*objectname) [2ms]
2026-04-22 21:54:02.025 [info] > git status -z -uall [130ms]
2026-04-22 21:54:02.127 [info] > git for-each-ref --format=%(refname)%00%(upstream:short)%00%(objectname)%00%(upstream:track)%00%(upstream:remotename)%00%(upstream:remoteref) refs/heads/main refs/remotes/main [8ms]
2026-04-22 21:54:02.141 [info] > git config --get --local branch.main.vscode-merge-base [10ms]
2026-04-22 21:54:02.141 [warning] [Git][config] git config failed: Failed to execute git
2026-04-22 21:54:02.146 [info] > git config --get commit.template [23ms]
2026-04-22 21:54:02.372 [info] > git reflog main --grep-reflog=branch: Created from *. [226ms]
2026-04-22 21:54:02.393 [info] > git check-ignore -v -z --stdin [14ms]
2026-04-22 21:54:02.394 [info] > git symbolic-ref --short refs/remotes/origin/HEAD [18ms]
2026-04-22 21:54:02.394 [info] fatal: ref refs/remotes/origin/HEAD is not a symbolic ref
2026-04-22 21:54:02.394 [warning] [Repository][getDefaultBranch] Failed to get default branch details: Failed to execute git.
2026-04-22 21:54:02.400 [info] > git for-each-ref --format=%(refname)%00%(upstream:short)%00%(objectname)%00%(upstream:track)%00%(upstream:remotename)%00%(upstream:remoteref) refs/heads/main refs/remotes/main [9ms]
2026-04-22 21:54:02.401 [info] > git merge-base refs/heads/main refs/remotes/origin/main [3ms]
2026-04-22 21:54:02.413 [info] > git for-each-ref --sort -committerdate --format %(refname)%00%(objectname)%00%(*objectname) [2ms]
2026-04-22 21:54:02.414 [info] > git diff --raw --numstat --diff-filter=ADMR -z --find-renames=50% c62c549a3786aa1cc64ceb86bbede7bc60201439...refs/remotes/origin/main -- [10ms]
2026-04-22 21:54:02.512 [info] > git status -z -uall [104ms]
2026-04-22 21:54:10.463 [info] > git config --get commit.template [8ms]
2026-04-22 21:54:10.464 [info] > git for-each-ref --format=%(refname)%00%(upstream:short)%00%(objectname)%00%(upstream:track)%00%(upstream:remotename)%00%(upstream:remoteref) refs/heads/main refs/remotes/main [3ms]
2026-04-22 21:54:10.482 [info] > git for-each-ref --sort -committerdate --format %(refname)%00%(objectname)%00%(*objectname) [3ms]
2026-04-22 21:54:10.620 [info] > git status -z -uall [149ms]
2026-04-22 21:54:18.928 [info] > git config --get commit.template [6ms]
2026-04-22 21:54:18.929 [info] > git for-each-ref --format=%(refname)%00%(upstream:short)%00%(objectname)%00%(upstream:track)%00%(upstream:remotename)%00%(upstream:remoteref) refs/heads/main refs/remotes/main [2ms]
2026-04-22 21:54:18.945 [info] > git for-each-ref --sort -committerdate --format %(refname)%00%(objectname)%00%(*objectname) [2ms]
2026-04-22 21:54:19.086 [info] > git status -z -uall [150ms]
2026-04-22 21:54:25.184 [info] > git config --get commit.template [10ms]
2026-04-22 21:54:25.185 [info] > git for-each-ref --format=%(refname)%00%(upstream:short)%00%(objectname)%00%(upstream:track)%00%(upstream:remotename)%00%(upstream:remoteref) refs/heads/main refs/remotes/main [3ms]
2026-04-22 21:54:25.207 [info] > git for-each-ref --sort -committerdate --format %(refname)%00%(objectname)%00%(*objectname) [3ms]
2026-04-22 21:54:25.399 [info] > git status -z -uall [203ms]
2026-04-22 21:54:30.525 [info] > git config --get commit.template [7ms]
2026-04-22 21:54:30.526 [info] > git for-each-ref --format=%(refname)%00%(upstream:short)%00%(objectname)%00%(upstream:track)%00%(upstream:remotename)%00%(upstream:remoteref) refs/heads/main refs/remotes/main [2ms]
2026-04-22 21:54:30.536 [info] > git for-each-ref --sort -committerdate --format %(refname)%00%(objectname)%00%(*objectname) [2ms]
2026-04-22 21:54:30.647 [info] > git status -z -uall [116ms]
2026-04-22 21:54:35.703 [info] > git config --get commit.template [5ms]
2026-04-22 21:54:35.704 [info] > git for-each-ref --format=%(refname)%00%(upstream:short)%00%(objectname)%00%(upstream:track)%00%(upstream:remotename)%00%(upstream:remoteref) refs/heads/main refs/remotes/main [1ms]
2026-04-22 21:54:35.720 [info] > git for-each-ref --sort -committerdate --format %(refname)%00%(objectname)%00%(*objectname) [3ms]
2026-04-22 21:54:35.832 [info] > git status -z -uall [122ms]
2026-04-22 21:54:40.884 [info] > git config --get commit.template [5ms]
2026-04-22 21:54:40.885 [info] > git for-each-ref --format=%(refname)%00%(upstream:short)%00%(objectname)%00%(upstream:track)%00%(upstream:remotename)%00%(upstream:remoteref) refs/heads/main refs/remotes/main [2ms]
2026-04-22 21:54:40.895 [info] > git for-each-ref --sort -committerdate --format %(refname)%00%(objectname)%00%(*objectname) [2ms]
2026-04-22 21:54:40.998 [info] > git status -z -uall [108ms]
2026-04-22 21:54:46.067 [info] > git config --get commit.template [8ms]
2026-04-22 21:54:46.068 [info] > git for-each-ref --format=%(refname)%00%(upstream:short)%00%(objectname)%00%(upstream:track)%00%(upstream:remotename)%00%(upstream:remoteref) refs/heads/main refs/remotes/main [2ms]
2026-04-22 21:54:46.079 [info] > git for-each-ref --sort -committerdate --format %(refname)%00%(objectname)%00%(*objectname) [2ms]
2026-04-22 21:54:46.181 [info] > git status -z -uall [107ms]
2026-04-22 21:54:51.246 [info] > git config --get commit.template [2ms]
2026-04-22 21:54:51.255 [info] > git for-each-ref --format=%(refname)%00%(upstream:short)%00%(objectname)%00%(upstream:track)%00%(upstream:remotename)%00%(upstream:remoteref) refs/heads/main refs/remotes/main [3ms]
2026-04-22 21:54:51.268 [info] > git for-each-ref --sort -committerdate --format %(refname)%00%(objectname)%00%(*objectname) [2ms]
2026-04-22 21:54:51.369 [info] > git status -z -uall [108ms]
2026-04-22 21:54:56.425 [info] > git config --get commit.template [5ms]
2026-04-22 21:54:56.427 [info] > git for-each-ref --format=%(refname)%00%(upstream:short)%00%(objectname)%00%(upstream:track)%00%(upstream:remotename)%00%(upstream:remoteref) refs/heads/main refs/remotes/main [3ms]
2026-04-22 21:54:56.439 [info] > git for-each-ref --sort -committerdate --format %(refname)%00%(objectname)%00%(*objectname) [2ms]
2026-04-22 21:54:56.533 [info] > git status -z -uall [102ms]
2026-04-22 21:55:02.334 [info] > git config --get commit.template [7ms]
2026-04-22 21:55:02.335 [info] > git for-each-ref --format=%(refname)%00%(upstream:short)%00%(objectname)%00%(upstream:track)%00%(upstream:remotename)%00%(upstream:remoteref) refs/heads/main refs/remotes/main [2ms]
2026-04-22 21:55:02.353 [info] > git for-each-ref --sort -committerdate --format %(refname)%00%(objectname)%00%(*objectname) [4ms]
2026-04-22 21:55:02.473 [info] > git status -z -uall [131ms]
2026-04-22 21:55:07.588 [info] > git config --get commit.template [9ms]
2026-04-22 21:55:07.589 [info] > git for-each-ref --format=%(refname)%00%(upstream:short)%00%(objectname)%00%(upstream:track)%00%(upstream:remotename)%00%(upstream:remoteref) refs/heads/main refs/remotes/main [2ms]
2026-04-22 21:55:07.601 [info] > git for-each-ref --sort -committerdate --format %(refname)%00%(objectname)%00%(*objectname) [1ms]
2026-04-22 21:55:07.702 [info] > git status -z -uall [107ms]
2026-04-22 21:55:15.384 [info] > git config --get commit.template [6ms]
2026-04-22 21:55:15.384 [info] > git for-each-ref --format=%(refname)%00%(upstream:short)%00%(objectname)%00%(upstream:track)%00%(upstream:remotename)%00%(upstream:remoteref) refs/heads/main refs/remotes/main [2ms]
2026-04-22 21:55:15.400 [info] > git for-each-ref --sort -committerdate --format %(refname)%00%(objectname)%00%(*objectname) [3ms]
2026-04-22 21:55:15.549 [info] > git status -z -uall [159ms]
2026-04-22 21:55:20.658 [info] > git config --get commit.template [9ms]
2026-04-22 21:55:20.660 [info] > git for-each-ref --format=%(refname)%00%(upstream:short)%00%(objectname)%00%(upstream:track)%00%(upstream:remotename)%00%(upstream:remoteref) refs/heads/main refs/remotes/main [3ms]
2026-04-22 21:55:20.679 [info] > git for-each-ref --sort -committerdate --format %(refname)%00%(objectname)%00%(*objectname) [2ms]
2026-04-22 21:55:20.876 [info] > git status -z -uall [207ms]
2026-04-22 21:55:25.961 [info] > git config --get commit.template [6ms]
2026-04-22 21:55:25.962 [info] > git for-each-ref --format=%(refname)%00%(upstream:short)%00%(objectname)%00%(upstream:track)%00%(upstream:remotename)%00%(upstream:remoteref) refs/heads/main refs/remotes/main [1ms]
2026-04-22 21:55:25.972 [info] > git for-each-ref --sort -committerdate --format %(refname)%00%(objectname)%00%(*objectname) [1ms]
2026-04-22 21:55:26.078 [info] > git status -z -uall [111ms]
2026-04-22 21:57:20.583 [info] > git config --get commit.template [7ms]
2026-04-22 21:57:20.584 [info] > git for-each-ref --format=%(refname)%00%(upstream:short)%00%(objectname)%00%(upstream:track)%00%(upstream:remotename)%00%(upstream:remoteref) refs/heads/main refs/remotes/main [2ms]
2026-04-22 21:57:20.595 [info] > git for-each-ref --sort -committerdate --format %(refname)%00%(objectname)%00%(*objectname) [2ms]
2026-04-22 21:57:20.675 [info] > git status -z -uall [86ms]
2026-04-22 21:57:21.083 [info] > git check-ignore -v -z --stdin [4ms]
2026-04-22 21:57:25.752 [info] > git config --get commit.template [8ms]
2026-04-22 21:57:25.753 [info] > git for-each-ref --format=%(refname)%00%(upstream:short)%00%(objectname)%00%(upstream:track)%00%(upstream:remotename)%00%(upstream:remoteref) refs/heads/main refs/remotes/main [3ms]
2026-04-22 21:57:25.767 [info] > git for-each-ref --sort -committerdate --format %(refname)%00%(objectname)%00%(*objectname) [1ms]
2026-04-22 21:57:25.890 [info] > git status -z -uall [131ms]
2026-04-22 21:57:38.194 [info] > git config --get commit.template [9ms]
2026-04-22 21:57:38.196 [info] > git for-each-ref --format=%(refname)%00%(upstream:short)%00%(objectname)%00%(upstream:track)%00%(upstream:remotename)%00%(upstream:remoteref) refs/heads/main refs/remotes/main [3ms]
2026-04-22 21:57:38.216 [info] > git for-each-ref --sort -committerdate --format %(refname)%00%(objectname)%00%(*objectname) [6ms]
2026-04-22 21:57:38.317 [info] > git status -z -uall [113ms]
2026-04-22 21:57:38.825 [info] > git check-ignore -v -z --stdin [5ms]
2026-04-22 21:57:43.380 [info] > git config --get commit.template [6ms]
2026-04-22 21:57:43.381 [info] > git for-each-ref --format=%(refname)%00%(upstream:short)%00%(objectname)%00%(upstream:track)%00%(upstream:remotename)%00%(upstream:remoteref) refs/heads/main refs/remotes/main [2ms]
2026-04-22 21:57:43.394 [info] > git for-each-ref --sort -committerdate --format %(refname)%00%(objectname)%00%(*objectname) [1ms]
2026-04-22 21:57:43.499 [info] > git status -z -uall [112ms]
2026-04-22 21:57:48.588 [info] > git config --get commit.template [5ms]
2026-04-22 21:57:48.590 [info] > git for-each-ref --format=%(refname)%00%(upstream:short)%00%(objectname)%00%(upstream:track)%00%(upstream:remotename)%00%(upstream:remoteref) refs/heads/main refs/remotes/main [2ms]
2026-04-22 21:57:48.601 [info] > git for-each-ref --sort -committerdate --format %(refname)%00%(objectname)%00%(*objectname) [2ms]
2026-04-22 21:57:48.698 [info] > git status -z -uall [104ms]
2026-04-22 21:59:33.663 [info] > git config --get commit.template [9ms]
2026-04-22 21:59:33.664 [info] > git for-each-ref --format=%(refname)%00%(upstream:short)%00%(objectname)%00%(upstream:track)%00%(upstream:remotename)%00%(upstream:remoteref) refs/heads/main refs/remotes/main [2ms]
2026-04-22 21:59:33.681 [info] > git for-each-ref --sort -committerdate --format %(refname)%00%(objectname)%00%(*objectname) [6ms]
2026-04-22 21:59:33.759 [info] > git status -z -uall [88ms]
2026-04-22 21:59:34.161 [info] > git check-ignore -v -z --stdin [5ms]
2026-04-22 21:59:38.822 [info] > git config --get commit.template [6ms]
2026-04-22 21:59:38.824 [info] > git for-each-ref --format=%(refname)%00%(upstream:short)%00%(objectname)%00%(upstream:track)%00%(upstream:remotename)%00%(upstream:remoteref) refs/heads/main refs/remotes/main [2ms]
2026-04-22 21:59:38.839 [info] > git for-each-ref --sort -committerdate --format %(refname)%00%(objectname)%00%(*objectname) [3ms]
2026-04-22 21:59:38.949 [info] > git status -z -uall [118ms]
2026-04-22 21:59:44.011 [info] > git config --get commit.template [0ms]
2026-04-22 21:59:44.017 [info] > git for-each-ref --format=%(refname)%00%(upstream:short)%00%(objectname)%00%(upstream:track)%00%(upstream:remotename)%00%(upstream:remoteref) refs/heads/main refs/remotes/main [2ms]
2026-04-22 21:59:44.026 [info] > git for-each-ref --sort -committerdate --format %(refname)%00%(objectname)%00%(*objectname) [2ms]
2026-04-22 21:59:44.127 [info] > git status -z -uall [106ms]
2026-04-22 21:59:51.552 [info] > git config --get commit.template [8ms]
2026-04-22 21:59:51.554 [info] > git for-each-ref --format=%(refname)%00%(upstream:short)%00%(objectname)%00%(upstream:track)%00%(upstream:remotename)%00%(upstream:remoteref) refs/heads/main refs/remotes/main [3ms]
2026-04-22 21:59:51.572 [info] > git for-each-ref --sort -committerdate --format %(refname)%00%(objectname)%00%(*objectname) [4ms]
2026-04-22 21:59:51.732 [info] > git status -z -uall [171ms]
2026-04-22 21:59:57.106 [info] > git config --get commit.template [9ms]
2026-04-22 21:59:57.108 [info] > git for-each-ref --format=%(refname)%00%(upstream:short)%00%(objectname)%00%(upstream:track)%00%(upstream:remotename)%00%(upstream:remoteref) refs/heads/main refs/remotes/main [2ms]
2026-04-22 21:59:57.125 [info] > git for-each-ref --sort -committerdate --format %(refname)%00%(objectname)%00%(*objectname) [3ms]
2026-04-22 21:59:57.284 [info] > git status -z -uall [169ms]
2026-04-22 22:00:02.356 [info] > git config --get commit.template [5ms]
2026-04-22 22:00:02.357 [info] > git for-each-ref --format=%(refname)%00%(upstream:short)%00%(objectname)%00%(upstream:track)%00%(upstream:remotename)%00%(upstream:remoteref) refs/heads/main refs/remotes/main [2ms]
2026-04-22 22:00:02.369 [info] > git for-each-ref --sort -committerdate --format %(refname)%00%(objectname)%00%(*objectname) [2ms]
2026-04-22 22:00:02.492 [info] > git status -z -uall [130ms]
2026-04-22 22:00:14.102 [info] > git config --get commit.template [8ms]
2026-04-22 22:00:14.103 [info] > git for-each-ref --format=%(refname)%00%(upstream:short)%00%(objectname)%00%(upstream:track)%00%(upstream:remotename)%00%(upstream:remoteref) refs/heads/main refs/remotes/main [3ms]
2026-04-22 22:00:14.122 [info] > git for-each-ref --sort -committerdate --format %(refname)%00%(objectname)%00%(*objectname) [4ms]
2026-04-22 22:00:14.241 [info] > git status -z -uall [130ms]
2026-04-22 22:00:19.339 [info] > git for-each-ref --format=%(refname)%00%(upstream:short)%00%(objectname)%00%(upstream:track)%00%(upstream:remotename)%00%(upstream:remoteref) refs/heads/main refs/remotes/main [2ms]
2026-04-22 22:00:19.339 [info] > git config --get commit.template [7ms]
2026-04-22 22:00:19.350 [info] > git for-each-ref --sort -committerdate --format %(refname)%00%(objectname)%00%(*objectname) [2ms]
2026-04-22 22:00:19.461 [info] > git status -z -uall [117ms]
2026-04-22 22:00:24.534 [info] > git config --get commit.template [7ms]
2026-04-22 22:00:24.535 [info] > git for-each-ref --format=%(refname)%00%(upstream:short)%00%(objectname)%00%(upstream:track)%00%(upstream:remotename)%00%(upstream:remoteref) refs/heads/main refs/remotes/main [2ms]
2026-04-22 22:00:24.548 [info] > git for-each-ref --sort -committerdate --format %(refname)%00%(objectname)%00%(*objectname) [2ms]
2026-04-22 22:00:24.653 [info] > git status -z -uall [112ms]
2026-04-22 22:00:55.020 [info] > git config --get commit.template [5ms]
2026-04-22 22:00:55.021 [info] > git for-each-ref --format=%(refname)%00%(upstream:short)%00%(objectname)%00%(upstream:track)%00%(upstream:remotename)%00%(upstream:remoteref) refs/heads/main refs/remotes/main [2ms]
2026-04-22 22:00:55.030 [info] > git for-each-ref --sort -committerdate --format %(refname)%00%(objectname)%00%(*objectname) [2ms]
2026-04-22 22:00:55.046 [info] > git rev-parse --show-toplevel [1ms]
2026-04-22 22:00:55.046 [info] fatal: not a git repository (or any of the parent directories): .git
2026-04-22 22:00:55.114 [info] > git status -z -uall [89ms]
2026-04-22 22:01:20.166 [info] > git config --get commit.template [7ms]
2026-04-22 22:01:20.167 [info] > git for-each-ref --format=%(refname)%00%(upstream:short)%00%(objectname)%00%(upstream:track)%00%(upstream:remotename)%00%(upstream:remoteref) refs/heads/main refs/remotes/main [2ms]
2026-04-22 22:01:20.188 [info] > git for-each-ref --sort -committerdate --format %(refname)%00%(objectname)%00%(*objectname) [7ms]
2026-04-22 22:01:20.286 [info] > git status -z -uall [110ms]
2026-04-22 22:01:20.775 [info] > git check-ignore -v -z --stdin [2ms]
2026-04-22 22:01:25.389 [info] > git config --get commit.template [5ms]
2026-04-22 22:01:25.390 [info] > git for-each-ref --format=%(refname)%00%(upstream:short)%00%(objectname)%00%(upstream:track)%00%(upstream:remotename)%00%(upstream:remoteref) refs/heads/main refs/remotes/main [2ms]
2026-04-22 22:01:25.400 [info] > git for-each-ref --sort -committerdate --format %(refname)%00%(objectname)%00%(*objectname) [2ms]
2026-04-22 22:01:25.496 [info] > git status -z -uall [102ms]
2026-04-22 22:01:30.558 [info] > git config --get commit.template [6ms]
2026-04-22 22:01:30.559 [info] > git for-each-ref --format=%(refname)%00%(upstream:short)%00%(objectname)%00%(upstream:track)%00%(upstream:remotename)%00%(upstream:remoteref) refs/heads/main refs/remotes/main [2ms]
2026-04-22 22:01:30.568 [info] > git for-each-ref --sort -committerdate --format %(refname)%00%(objectname)%00%(*objectname) [2ms]
2026-04-22 22:01:30.667 [info] > git status -z -uall [104ms]
2026-04-22 22:01:35.742 [info] > git config --get commit.template [8ms]
2026-04-22 22:01:35.744 [info] > git for-each-ref --format=%(refname)%00%(upstream:short)%00%(objectname)%00%(upstream:track)%00%(upstream:remotename)%00%(upstream:remoteref) refs/heads/main refs/remotes/main [3ms]
2026-04-22 22:01:35.760 [info] > git for-each-ref --sort -committerdate --format %(refname)%00%(objectname)%00%(*objectname) [2ms]
2026-04-22 22:01:35.936 [info] > git status -z -uall [185ms]
2026-04-22 22:01:41.012 [info] > git config --get commit.template [7ms]
2026-04-22 22:01:41.013 [info] > git for-each-ref --format=%(refname)%00%(upstream:short)%00%(objectname)%00%(upstream:track)%00%(upstream:remotename)%00%(upstream:remoteref) refs/heads/main refs/remotes/main [3ms]
2026-04-22 22:01:41.028 [info] > git for-each-ref --sort -committerdate --format %(refname)%00%(objectname)%00%(*objectname) [2ms]
2026-04-22 22:01:41.142 [info] > git status -z -uall [122ms]
2026-04-22 22:01:46.203 [info] > git config --get commit.template [7ms]
2026-04-22 22:01:46.204 [info] > git for-each-ref --format=%(refname)%00%(upstream:short)%00%(objectname)%00%(upstream:track)%00%(upstream:remotename)%00%(upstream:remoteref) refs/heads/main refs/remotes/main [2ms]
2026-04-22 22:01:46.219 [info] > git for-each-ref --sort -committerdate --format %(refname)%00%(objectname)%00%(*objectname) [2ms]
2026-04-22 22:01:46.338 [info] > git status -z -uall [127ms]
2026-04-22 22:01:51.408 [info] > git config --get commit.template [7ms]
2026-04-22 22:01:51.410 [info] > git for-each-ref --format=%(refname)%00%(upstream:short)%00%(objectname)%00%(upstream:track)%00%(upstream:remotename)%00%(upstream:remoteref) refs/heads/main refs/remotes/main [3ms]
2026-04-22 22:01:51.420 [info] > git for-each-ref --sort -committerdate --format %(refname)%00%(objectname)%00%(*objectname) [1ms]
2026-04-22 22:01:51.520 [info] > git status -z -uall [105ms]
2026-04-22 22:02:06.798 [info] > git config --get commit.template [9ms]
2026-04-22 22:02:06.800 [info] > git for-each-ref --format=%(refname)%00%(upstream:short)%00%(objectname)%00%(upstream:track)%00%(upstream:remotename)%00%(upstream:remoteref) refs/heads/main refs/remotes/main [4ms]
2026-04-22 22:02:06.817 [info] > git for-each-ref --sort -committerdate --format %(refname)%00%(objectname)%00%(*objectname) [2ms]
2026-04-22 22:02:06.960 [info] > git status -z -uall [151ms]
2026-04-22 22:02:12.034 [info] > git config --get commit.template [7ms]
2026-04-22 22:02:12.035 [info] > git for-each-ref --format=%(refname)%00%(upstream:short)%00%(objectname)%00%(upstream:track)%00%(upstream:remotename)%00%(upstream:remoteref) refs/heads/main refs/remotes/main [2ms]
2026-04-22 22:02:12.044 [info] > git for-each-ref --sort -committerdate --format %(refname)%00%(objectname)%00%(*objectname) [1ms]
2026-04-22 22:02:12.148 [info] > git status -z -uall [109ms]
2026-04-22 22:02:17.218 [info] > git config --get commit.template [1ms]
2026-04-22 22:02:17.224 [info] > git for-each-ref --format=%(refname)%00%(upstream:short)%00%(objectname)%00%(upstream:track)%00%(upstream:remotename)%00%(upstream:remoteref) refs/heads/main refs/remotes/main [2ms]
2026-04-22 22:02:17.235 [info] > git for-each-ref --sort -committerdate --format %(refname)%00%(objectname)%00%(*objectname) [2ms]
2026-04-22 22:02:17.345 [info] > git status -z -uall [116ms]
2026-04-22 22:02:22.408 [info] > git config --get commit.template [8ms]
2026-04-22 22:02:22.409 [info] > git for-each-ref --format=%(refname)%00%(upstream:short)%00%(objectname)%00%(upstream:track)%00%(upstream:remotename)%00%(upstream:remoteref) refs/heads/main refs/remotes/main [2ms]
2026-04-22 22:02:22.423 [info] > git for-each-ref --sort -committerdate --format %(refname)%00%(objectname)%00%(*objectname) [3ms]
2026-04-22 22:02:22.523 [info] > git status -z -uall [108ms]
2026-04-22 22:02:49.804 [info] > git config --get commit.template [8ms]
2026-04-22 22:02:49.806 [info] > git for-each-ref --format=%(refname)%00%(upstream:short)%00%(objectname)%00%(upstream:track)%00%(upstream:remotename)%00%(upstream:remoteref) refs/heads/main refs/remotes/main [3ms]
2026-04-22 22:02:49.825 [info] > git for-each-ref --sort -committerdate --format %(refname)%00%(objectname)%00%(*objectname) [3ms]
2026-04-22 22:02:49.976 [info] > git status -z -uall [162ms]
2026-04-22 22:02:55.076 [info] > git config --get commit.template [9ms]
2026-04-22 22:02:55.078 [info] > git for-each-ref --format=%(refname)%00%(upstream:short)%00%(objectname)%00%(upstream:track)%00%(upstream:remotename)%00%(upstream:remoteref) refs/heads/main refs/remotes/main [3ms]
2026-04-22 22:02:55.100 [info] > git for-each-ref --sort -committerdate --format %(refname)%00%(objectname)%00%(*objectname) [3ms]
2026-04-22 22:02:55.294 [info] > git status -z -uall [206ms]
2026-04-22 22:03:00.361 [info] > git config --get commit.template [6ms]
2026-04-22 22:03:00.362 [info] > git for-each-ref --format=%(refname)%00%(upstream:short)%00%(objectname)%00%(upstream:track)%00%(upstream:remotename)%00%(upstream:remoteref) refs/heads/main refs/remotes/main [2ms]
2026-04-22 22:03:00.377 [info] > git for-each-ref --sort -committerdate --format %(refname)%00%(objectname)%00%(*objectname) [3ms]
2026-04-22 22:03:00.569 [info] > git status -z -uall [201ms]
2026-04-22 22:03:05.688 [info] > git config --get commit.template [9ms]
2026-04-22 22:03:05.690 [info] > git for-each-ref --format=%(refname)%00%(upstream:short)%00%(objectname)%00%(upstream:track)%00%(upstream:remotename)%00%(upstream:remoteref) refs/heads/main refs/remotes/main [3ms]
2026-04-22 22:03:05.704 [info] > git for-each-ref --sort -committerdate --format %(refname)%00%(objectname)%00%(*objectname) [1ms]
2026-04-22 22:03:05.813 [info] > git status -z -uall [116ms]
2026-04-22 22:03:10.866 [info] > git config --get commit.template [1ms]
2026-04-22 22:03:10.872 [info] > git for-each-ref --format=%(refname)%00%(upstream:short)%00%(objectname)%00%(upstream:track)%00%(upstream:remotename)%00%(upstream:remoteref) refs/heads/main refs/remotes/main [1ms]
2026-04-22 22:03:10.886 [info] > git for-each-ref --sort -committerdate --format %(refname)%00%(objectname)%00%(*objectname) [2ms]
2026-04-22 22:03:10.990 [info] > git status -z -uall [112ms]
2026-04-22 22:03:16.052 [info] > git config --get commit.template [7ms]
2026-04-22 22:03:16.053 [info] > git for-each-ref --format=%(refname)%00%(upstream:short)%00%(objectname)%00%(upstream:track)%00%(upstream:remotename)%00%(upstream:remoteref) refs/heads/main refs/remotes/main [3ms]
2026-04-22 22:03:16.067 [info] > git for-each-ref --sort -committerdate --format %(refname)%00%(objectname)%00%(*objectname) [2ms]
2026-04-22 22:03:16.172 [info] > git status -z -uall [112ms]
2026-04-22 22:03:19.224 [info] > git check-ignore -v -z --stdin [3ms]
2026-04-22 22:03:21.244 [info] > git config --get commit.template [8ms]
2026-04-22 22:03:21.245 [info] > git for-each-ref --format=%(refname)%00%(upstream:short)%00%(objectname)%00%(upstream:track)%00%(upstream:remotename)%00%(upstream:remoteref) refs/heads/main refs/remotes/main [2ms]
2026-04-22 22:03:21.259 [info] > git for-each-ref --sort -committerdate --format %(refname)%00%(objectname)%00%(*objectname) [2ms]
2026-04-22 22:03:21.381 [info] > git status -z -uall [129ms]
2026-04-22 22:03:26.446 [info] > git config --get commit.template [5ms]
2026-04-22 22:03:26.447 [info] > git for-each-ref --format=%(refname)%00%(upstream:short)%00%(objectname)%00%(upstream:track)%00%(upstream:remotename)%00%(upstream:remoteref) refs/heads/main refs/remotes/main [2ms]
2026-04-22 22:03:26.457 [info] > git for-each-ref --sort -committerdate --format %(refname)%00%(objectname)%00%(*objectname) [2ms]
2026-04-22 22:03:26.556 [info] > git status -z -uall [104ms]
2026-04-22 22:03:31.612 [info] > git config --get commit.template [6ms]
2026-04-22 22:03:31.614 [info] > git for-each-ref --format=%(refname)%00%(upstream:short)%00%(objectname)%00%(upstream:track)%00%(upstream:remotename)%00%(upstream:remoteref) refs/heads/main refs/remotes/main [3ms]
2026-04-22 22:03:31.631 [info] > git for-each-ref --sort -committerdate --format %(refname)%00%(objectname)%00%(*objectname) [2ms]
2026-04-22 22:03:31.738 [info] > git status -z -uall [116ms]
2026-04-22 22:03:36.801 [info] > git config --get commit.template [9ms]
2026-04-22 22:03:36.802 [info] > git for-each-ref --format=%(refname)%00%(upstream:short)%00%(objectname)%00%(upstream:track)%00%(upstream:remotename)%00%(upstream:remoteref) refs/heads/main refs/remotes/main [3ms]
2026-04-22 22:03:36.821 [info] > git for-each-ref --sort -committerdate --format %(refname)%00%(objectname)%00%(*objectname) [3ms]
2026-04-22 22:03:36.934 [info] > git status -z -uall [123ms]
2026-04-22 22:03:41.990 [info] > git config --get commit.template [7ms]
2026-04-22 22:03:41.991 [info] > git for-each-ref --format=%(refname)%00%(upstream:short)%00%(objectname)%00%(upstream:track)%00%(upstream:remotename)%00%(upstream:remoteref) refs/heads/main refs/remotes/main [2ms]
2026-04-22 22:03:42.004 [info] > git for-each-ref --sort -committerdate --format %(refname)%00%(objectname)%00%(*objectname) [2ms]
2026-04-22 22:03:42.106 [info] > git status -z -uall [109ms]
2026-04-22 22:03:47.733 [info] > git config --get commit.template [8ms]
2026-04-22 22:03:47.735 [info] > git for-each-ref --format=%(refname)%00%(upstream:short)%00%(objectname)%00%(upstream:track)%00%(upstream:remotename)%00%(upstream:remoteref) refs/heads/main refs/remotes/main [3ms]
2026-04-22 22:03:47.755 [info] > git for-each-ref --sort -committerdate --format %(refname)%00%(objectname)%00%(*objectname) [6ms]
2026-04-22 22:03:47.839 [info] > git status -z -uall [96ms]
2026-04-22 22:03:52.910 [info] > git config --get commit.template [6ms]
2026-04-22 22:03:52.911 [info] > git for-each-ref --format=%(refname)%00%(upstream:short)%00%(objectname)%00%(upstream:track)%00%(upstream:remotename)%00%(upstream:remoteref) refs/heads/main refs/remotes/main [2ms]
2026-04-22 22:03:52.922 [info] > git for-each-ref --sort -committerdate --format %(refname)%00%(objectname)%00%(*objectname) [2ms]
2026-04-22 22:03:53.026 [info] > git status -z -uall [110ms]
2026-04-22 22:03:58.089 [info] > git config --get commit.template [7ms]
2026-04-22 22:03:58.091 [info] > git for-each-ref --format=%(refname)%00%(upstream:short)%00%(objectname)%00%(upstream:track)%00%(upstream:remotename)%00%(upstream:remoteref) refs/heads/main refs/remotes/main [3ms]
2026-04-22 22:03:58.105 [info] > git for-each-ref --sort -committerdate --format %(refname)%00%(objectname)%00%(*objectname) [2ms]
2026-04-22 22:03:58.215 [info] > git status -z -uall [118ms]
2026-04-22 22:04:03.284 [info] > git config --get commit.template [2ms]
2026-04-22 22:04:03.293 [info] > git for-each-ref --format=%(refname)%00%(upstream:short)%00%(objectname)%00%(upstream:track)%00%(upstream:remotename)%00%(upstream:remoteref) refs/heads/main refs/remotes/main [2ms]
2026-04-22 22:04:03.306 [info] > git for-each-ref --sort -committerdate --format %(refname)%00%(objectname)%00%(*objectname) [2ms]
2026-04-22 22:04:03.399 [info] > git status -z -uall [100ms]
2026-04-22 22:04:08.455 [info] > git config --get commit.template [6ms]
2026-04-22 22:04:08.456 [info] > git for-each-ref --format=%(refname)%00%(upstream:short)%00%(objectname)%00%(upstream:track)%00%(upstream:remotename)%00%(upstream:remoteref) refs/heads/main refs/remotes/main [2ms]
2026-04-22 22:04:08.467 [info] > git for-each-ref --sort -committerdate --format %(refname)%00%(objectname)%00%(*objectname) [1ms]
2026-04-22 22:04:08.566 [info] > git status -z -uall [105ms]
2026-04-22 22:04:13.632 [info] > git for-each-ref --format=%(refname)%00%(upstream:short)%00%(objectname)%00%(upstream:track)%00%(upstream:remotename)%00%(upstream:remoteref) refs/heads/main refs/remotes/main [2ms]
2026-04-22 22:04:13.633 [info] > git config --get commit.template [8ms]
2026-04-22 22:04:13.646 [info] > git for-each-ref --sort -committerdate --format %(refname)%00%(objectname)%00%(*objectname) [2ms]
2026-04-22 22:04:13.757 [info] > git status -z -uall [118ms]
2026-04-22 22:04:18.827 [info] > git config --get commit.template [7ms]
2026-04-22 22:04:18.828 [info] > git for-each-ref --format=%(refname)%00%(upstream:short)%00%(objectname)%00%(upstream:track)%00%(upstream:remotename)%00%(upstream:remoteref) refs/heads/main refs/remotes/main [2ms]
2026-04-22 22:04:18.840 [info] > git for-each-ref --sort -committerdate --format %(refname)%00%(objectname)%00%(*objectname) [2ms]
2026-04-22 22:04:18.963 [info] > git status -z -uall [129ms]
2026-04-22 22:04:24.049 [info] > git config --get commit.template [8ms]
2026-04-22 22:04:24.050 [info] > git for-each-ref --format=%(refname)%00%(upstream:short)%00%(objectname)%00%(upstream:track)%00%(upstream:remotename)%00%(upstream:remoteref) refs/heads/main refs/remotes/main [2ms]
2026-04-22 22:04:24.060 [info] > git for-each-ref --sort -committerdate --format %(refname)%00%(objectname)%00%(*objectname) [1ms]
2026-04-22 22:04:24.161 [info] > git status -z -uall [106ms]
2026-04-22 22:04:29.226 [info] > git config --get commit.template [9ms]
2026-04-22 22:04:29.228 [info] > git for-each-ref --format=%(refname)%00%(upstream:short)%00%(objectname)%00%(upstream:track)%00%(upstream:remotename)%00%(upstream:remoteref) refs/heads/main refs/remotes/main [3ms]
2026-04-22 22:04:29.245 [info] > git for-each-ref --sort -committerdate --format %(refname)%00%(objectname)%00%(*objectname) [2ms]
2026-04-22 22:04:29.335 [info] > git status -z -uall [99ms]
2026-04-22 22:04:34.404 [info] > git config --get commit.template [2ms]
2026-04-22 22:04:34.415 [info] > git for-each-ref --format=%(refname)%00%(upstream:short)%00%(objectname)%00%(upstream:track)%00%(upstream:remotename)%00%(upstream:remoteref) refs/heads/main refs/remotes/main [3ms]
2026-04-22 22:04:34.435 [info] > git for-each-ref --sort -committerdate --format %(refname)%00%(objectname)%00%(*objectname) [4ms]
2026-04-22 22:04:34.568 [info] > git status -z -uall [144ms]
2026-04-22 22:04:39.643 [info] > git config --get commit.template [11ms]
2026-04-22 22:04:39.643 [info] > git for-each-ref --format=%(refname)%00%(upstream:short)%00%(objectname)%00%(upstream:track)%00%(upstream:remotename)%00%(upstream:remoteref) refs/heads/main refs/remotes/main [2ms]
2026-04-22 22:04:39.661 [info] > git for-each-ref --sort -committerdate --format %(refname)%00%(objectname)%00%(*objectname) [3ms]
2026-04-22 22:04:39.778 [info] > git status -z -uall [126ms]
2026-04-22 22:04:44.856 [info] > git config --get commit.template [9ms]
2026-04-22 22:04:44.857 [info] > git for-each-ref --format=%(refname)%00%(upstream:short)%00%(objectname)%00%(upstream:track)%00%(upstream:remotename)%00%(upstream:remoteref) refs/heads/main refs/remotes/main [2ms]
2026-04-22 22:04:44.876 [info] > git for-each-ref --sort -committerdate --format %(refname)%00%(objectname)%00%(*objectname) [3ms]
2026-04-22 22:04:44.999 [info] > git status -z -uall [134ms]
2026-04-22 22:04:50.091 [info] > git config --get commit.template [8ms]
2026-04-22 22:04:50.092 [info] > git for-each-ref --format=%(refname)%00%(upstream:short)%00%(objectname)%00%(upstream:track)%00%(upstream:remotename)%00%(upstream:remoteref) refs/heads/main refs/remotes/main [2ms]
2026-04-22 22:04:50.111 [info] > git for-each-ref --sort -committerdate --format %(refname)%00%(objectname)%00%(*objectname) [3ms]
2026-04-22 22:04:50.316 [info] > git status -z -uall [215ms]
2026-04-22 22:04:55.400 [info] > git config --get commit.template [5ms]
2026-04-22 22:04:55.401 [info] > git for-each-ref --format=%(refname)%00%(upstream:short)%00%(objectname)%00%(upstream:track)%00%(upstream:remotename)%00%(upstream:remoteref) refs/heads/main refs/remotes/main [1ms]
2026-04-22 22:04:55.415 [info] > git for-each-ref --sort -committerdate --format %(refname)%00%(objectname)%00%(*objectname) [2ms]
2026-04-22 22:04:55.520 [info] > git status -z -uall [113ms]
2026-04-22 22:05:00.596 [info] > git config --get commit.template [6ms]
2026-04-22 22:05:00.597 [info] > git for-each-ref --format=%(refname)%00%(upstream:short)%00%(objectname)%00%(upstream:track)%00%(upstream:remotename)%00%(upstream:remoteref) refs/heads/main refs/remotes/main [3ms]
2026-04-22 22:05:00.607 [info] > git for-each-ref --sort -committerdate --format %(refname)%00%(objectname)%00%(*objectname) [2ms]
2026-04-22 22:05:00.712 [info] > git status -z -uall [111ms]
2026-04-22 22:05:05.910 [info] > git config --get commit.template [10ms]
2026-04-22 22:05:05.912 [info] > git for-each-ref --format=%(refname)%00%(upstream:short)%00%(objectname)%00%(upstream:track)%00%(upstream:remotename)%00%(upstream:remoteref) refs/heads/main refs/remotes/main [3ms]
2026-04-22 22:05:05.931 [info] > git for-each-ref --sort -committerdate --format %(refname)%00%(objectname)%00%(*objectname) [3ms]
2026-04-22 22:05:06.066 [info] > git status -z -uall [146ms]
2026-04-22 22:05:11.342 [info] > git config --get commit.template [10ms]
2026-04-22 22:05:11.343 [info] > git for-each-ref --format=%(refname)%00%(upstream:short)%00%(objectname)%00%(upstream:track)%00%(upstream:remotename)%00%(upstream:remoteref) refs/heads/main refs/remotes/main [2ms]
2026-04-22 22:05:11.365 [info] > git for-each-ref --sort -committerdate --format %(refname)%00%(objectname)%00%(*objectname) [2ms]
2026-04-22 22:05:11.560 [info] > git status -z -uall [205ms]
2026-04-22 22:05:16.656 [info] > git config --get commit.template [7ms]
2026-04-22 22:05:16.656 [info] > git for-each-ref --format=%(refname)%00%(upstream:short)%00%(objectname)%00%(upstream:track)%00%(upstream:remotename)%00%(upstream:remoteref) refs/heads/main refs/remotes/main [1ms]
2026-04-22 22:05:16.665 [info] > git for-each-ref --sort -committerdate --format %(refname)%00%(objectname)%00%(*objectname) [1ms]
2026-04-22 22:05:16.762 [info] > git status -z -uall [101ms]
2026-04-22 22:05:21.837 [info] > git config --get commit.template [10ms]
2026-04-22 22:05:21.838 [info] > git for-each-ref --format=%(refname)%00%(upstream:short)%00%(objectname)%00%(upstream:track)%00%(upstream:remotename)%00%(upstream:remoteref) refs/heads/main refs/remotes/main [3ms]
2026-04-22 22:05:21.859 [info] > git for-each-ref --sort -committerdate --format %(refname)%00%(objectname)%00%(*objectname) [4ms]
2026-04-22 22:05:22.047 [info] > git status -z -uall [200ms]
2026-04-22 22:05:27.184 [info] > git config --get commit.template [8ms]
2026-04-22 22:05:27.185 [info] > git for-each-ref --format=%(refname)%00%(upstream:short)%00%(objectname)%00%(upstream:track)%00%(upstream:remotename)%00%(upstream:remoteref) refs/heads/main refs/remotes/main [3ms]
2026-04-22 22:05:27.202 [info] > git for-each-ref --sort -committerdate --format %(refname)%00%(objectname)%00%(*objectname) [3ms]
2026-04-22 22:05:27.329 [info] > git status -z -uall [137ms]
2026-04-22 22:05:32.392 [info] > git config --get commit.template [5ms]
2026-04-22 22:05:32.393 [info] > git for-each-ref --format=%(refname)%00%(upstream:short)%00%(objectname)%00%(upstream:track)%00%(upstream:remotename)%00%(upstream:remoteref) refs/heads/main refs/remotes/main [2ms]
2026-04-22 22:05:32.403 [info] > git for-each-ref --sort -committerdate --format %(refname)%00%(objectname)%00%(*objectname) [2ms]
2026-04-22 22:05:32.522 [info] > git status -z -uall [125ms]
2026-04-22 22:05:37.584 [info] > git config --get commit.template [5ms]
2026-04-22 22:05:37.585 [info] > git for-each-ref --format=%(refname)%00%(upstream:short)%00%(objectname)%00%(upstream:track)%00%(upstream:remotename)%00%(upstream:remoteref) refs/heads/main refs/remotes/main [2ms]
2026-04-22 22:05:37.595 [info] > git for-each-ref --sort -committerdate --format %(refname)%00%(objectname)%00%(*objectname) [1ms]
2026-04-22 22:05:37.693 [info] > git status -z -uall [102ms]
2026-04-22 22:05:42.756 [info] > git config --get commit.template [3ms]
2026-04-22 22:05:42.769 [info] > git for-each-ref --format=%(refname)%00%(upstream:short)%00%(objectname)%00%(upstream:track)%00%(upstream:remotename)%00%(upstream:remoteref) refs/heads/main refs/remotes/main [3ms]
2026-04-22 22:05:42.783 [info] > git for-each-ref --sort -committerdate --format %(refname)%00%(objectname)%00%(*objectname) [2ms]
2026-04-22 22:05:42.888 [info] > git status -z -uall [112ms]
2026-04-22 22:05:47.955 [info] > git config --get commit.template [7ms]
2026-04-22 22:05:47.956 [info] > git for-each-ref --format=%(refname)%00%(upstream:short)%00%(objectname)%00%(upstream:track)%00%(upstream:remotename)%00%(upstream:remoteref) refs/heads/main refs/remotes/main [2ms]
2026-04-22 22:05:47.969 [info] > git for-each-ref --sort -committerdate --format %(refname)%00%(objectname)%00%(*objectname) [2ms]
2026-04-22 22:05:48.073 [info] > git status -z -uall [111ms]
2026-04-22 22:05:53.160 [info] > git config --get commit.template [8ms]
2026-04-22 22:05:53.162 [info] > git for-each-ref --format=%(refname)%00%(upstream:short)%00%(objectname)%00%(upstream:track)%00%(upstream:remotename)%00%(upstream:remoteref) refs/heads/main refs/remotes/main [3ms]
2026-04-22 22:05:53.177 [info] > git for-each-ref --sort -committerdate --format %(refname)%00%(objectname)%00%(*objectname) [2ms]
2026-04-22 22:05:53.287 [info] > git status -z -uall [118ms]
2026-04-22 22:05:58.339 [info] > git config --get commit.template [5ms]
2026-04-22 22:05:58.340 [info] > git for-each-ref --format=%(refname)%00%(upstream:short)%00%(objectname)%00%(upstream:track)%00%(upstream:remotename)%00%(upstream:remoteref) refs/heads/main refs/remotes/main [2ms]
2026-04-22 22:05:58.351 [info] > git for-each-ref --sort -committerdate --format %(refname)%00%(objectname)%00%(*objectname) [2ms]
2026-04-22 22:05:58.449 [info] > git status -z -uall [104ms]
2026-04-22 22:06:03.519 [info] > git config --get commit.template [6ms]
2026-04-22 22:06:03.520 [info] > git for-each-ref --format=%(refname)%00%(upstream:short)%00%(objectname)%00%(upstream:track)%00%(upstream:remotename)%00%(upstream:remoteref) refs/heads/main refs/remotes/main [1ms]
2026-04-22 22:06:03.529 [info] > git for-each-ref --sort -committerdate --format %(refname)%00%(objectname)%00%(*objectname) [1ms]
2026-04-22 22:06:03.638 [info] > git status -z -uall [114ms]
2026-04-22 22:06:08.703 [info] > git config --get commit.template [3ms]
2026-04-22 22:06:08.711 [info] > git for-each-ref --format=%(refname)%00%(upstream:short)%00%(objectname)%00%(upstream:track)%00%(upstream:remotename)%00%(upstream:remoteref) refs/heads/main refs/remotes/main [2ms]
2026-04-22 22:06:08.724 [info] > git for-each-ref --sort -committerdate --format %(refname)%00%(objectname)%00%(*objectname) [2ms]
2026-04-22 22:06:08.820 [info] > git status -z -uall [104ms]
2026-04-22 22:06:13.887 [info] > git config --get commit.template [8ms]
2026-04-22 22:06:13.888 [info] > git for-each-ref --format=%(refname)%00%(upstream:short)%00%(objectname)%00%(upstream:track)%00%(upstream:remotename)%00%(upstream:remoteref) refs/heads/main refs/remotes/main [2ms]
2026-04-22 22:06:13.904 [info] > git for-each-ref --sort -committerdate --format %(refname)%00%(objectname)%00%(*objectname) [3ms]
2026-04-22 22:06:14.076 [info] > git status -z -uall [182ms]
2026-04-22 22:06:19.159 [info] > git config --get commit.template [9ms]
2026-04-22 22:06:19.160 [info] > git for-each-ref --format=%(refname)%00%(upstream:short)%00%(objectname)%00%(upstream:track)%00%(upstream:remotename)%00%(upstream:remoteref) refs/heads/main refs/remotes/main [3ms]
2026-04-22 22:06:19.179 [info] > git for-each-ref --sort -committerdate --format %(refname)%00%(objectname)%00%(*objectname) [3ms]
2026-04-22 22:06:19.391 [info] > git status -z -uall [223ms]
2026-04-22 22:06:24.503 [info] > git config --get commit.template [6ms]
2026-04-22 22:06:24.503 [info] > git for-each-ref --format=%(refname)%00%(upstream:short)%00%(objectname)%00%(upstream:track)%00%(upstream:remotename)%00%(upstream:remoteref) refs/heads/main refs/remotes/main [3ms]
2026-04-22 22:06:24.521 [info] > git for-each-ref --sort -committerdate --format %(refname)%00%(objectname)%00%(*objectname) [3ms]
2026-04-22 22:06:24.642 [info] > git status -z -uall [131ms]
2026-04-22 22:06:29.710 [info] > git config --get commit.template [9ms]
2026-04-22 22:06:29.711 [info] > git for-each-ref --format=%(refname)%00%(upstream:short)%00%(objectname)%00%(upstream:track)%00%(upstream:remotename)%00%(upstream:remoteref) refs/heads/main refs/remotes/main [3ms]
2026-04-22 22:06:29.726 [info] > git for-each-ref --sort -committerdate --format %(refname)%00%(objectname)%00%(*objectname) [2ms]
2026-04-22 22:06:29.853 [info] > git status -z -uall [135ms]
2026-04-22 22:06:34.914 [info] > git config --get commit.template [5ms]
2026-04-22 22:06:34.915 [info] > git for-each-ref --format=%(refname)%00%(upstream:short)%00%(objectname)%00%(upstream:track)%00%(upstream:remotename)%00%(upstream:remoteref) refs/heads/main refs/remotes/main [2ms]
2026-04-22 22:06:34.929 [info] > git for-each-ref --sort -committerdate --format %(refname)%00%(objectname)%00%(*objectname) [3ms]
2026-04-22 22:06:35.026 [info] > git status -z -uall [106ms]
2026-04-22 22:06:40.081 [info] > git config --get commit.template [5ms]
2026-04-22 22:06:40.082 [info] > git for-each-ref --format=%(refname)%00%(upstream:short)%00%(objectname)%00%(upstream:track)%00%(upstream:remotename)%00%(upstream:remoteref) refs/heads/main refs/remotes/main [2ms]
2026-04-22 22:06:40.091 [info] > git for-each-ref --sort -committerdate --format %(refname)%00%(objectname)%00%(*objectname) [2ms]
2026-04-22 22:06:40.199 [info] > git status -z -uall [113ms]
2026-04-22 22:07:16.155 [info] > git config --get commit.template [9ms]
2026-04-22 22:07:16.157 [info] > git for-each-ref --format=%(refname)%00%(upstream:short)%00%(objectname)%00%(upstream:track)%00%(upstream:remotename)%00%(upstream:remoteref) refs/heads/main refs/remotes/main [3ms]
2026-04-22 22:07:16.173 [info] > git for-each-ref --sort -committerdate --format %(refname)%00%(objectname)%00%(*objectname) [2ms]
2026-04-22 22:07:16.346 [info] > git status -z -uall [182ms]
2026-04-22 22:07:21.474 [info] > git config --get commit.template [6ms]
2026-04-22 22:07:21.475 [info] > git for-each-ref --format=%(refname)%00%(upstream:short)%00%(objectname)%00%(upstream:track)%00%(upstream:remotename)%00%(upstream:remoteref) refs/heads/main refs/remotes/main [2ms]
2026-04-22 22:07:21.487 [info] > git for-each-ref --sort -committerdate --format %(refname)%00%(objectname)%00%(*objectname) [2ms]
2026-04-22 22:07:21.585 [info] > git status -z -uall [104ms]
2026-04-22 22:07:36.666 [info] > git config --get commit.template [11ms]
2026-04-22 22:07:36.668 [info] > git for-each-ref --format=%(refname)%00%(upstream:short)%00%(objectname)%00%(upstream:track)%00%(upstream:remotename)%00%(upstream:remoteref) refs/heads/main refs/remotes/main [4ms]
2026-04-22 22:07:36.687 [info] > git for-each-ref --sort -committerdate --format %(refname)%00%(objectname)%00%(*objectname) [3ms]
2026-04-22 22:07:36.846 [info] > git status -z -uall [168ms]
2026-04-22 22:07:42.869 [info] > git config --get commit.template [10ms]
2026-04-22 22:07:42.869 [info] > git for-each-ref --format=%(refname)%00%(upstream:short)%00%(objectname)%00%(upstream:track)%00%(upstream:remotename)%00%(upstream:remoteref) refs/heads/main refs/remotes/main [3ms]
2026-04-22 22:07:42.888 [info] > git for-each-ref --sort -committerdate --format %(refname)%00%(objectname)%00%(*objectname) [3ms]
2026-04-22 22:07:43.052 [info] > git status -z -uall [174ms]
2026-04-22 22:08:01.660 [info] > git config --get commit.template [5ms]
2026-04-22 22:08:01.661 [info] > git for-each-ref --format=%(refname)%00%(upstream:short)%00%(objectname)%00%(upstream:track)%00%(upstream:remotename)%00%(upstream:remoteref) refs/heads/main refs/remotes/main [2ms]
2026-04-22 22:08:01.675 [info] > git for-each-ref --sort -committerdate --format %(refname)%00%(objectname)%00%(*objectname) [3ms]
2026-04-22 22:08:01.836 [info] > git status -z -uall [170ms]
2026-04-22 22:08:06.933 [info] > git config --get commit.template [6ms]
2026-04-22 22:08:06.934 [info] > git for-each-ref --format=%(refname)%00%(upstream:short)%00%(objectname)%00%(upstream:track)%00%(upstream:remotename)%00%(upstream:remoteref) refs/heads/main refs/remotes/main [1ms]
2026-04-22 22:08:06.950 [info] > git for-each-ref --sort -committerdate --format %(refname)%00%(objectname)%00%(*objectname) [3ms]
2026-04-22 22:08:07.055 [info] > git status -z -uall [113ms]
2026-04-22 22:08:12.118 [info] > git config --get commit.template [5ms]
2026-04-22 22:08:12.119 [info] > git for-each-ref --format=%(refname)%00%(upstream:short)%00%(objectname)%00%(upstream:track)%00%(upstream:remotename)%00%(upstream:remoteref) refs/heads/main refs/remotes/main [2ms]
2026-04-22 22:08:12.129 [info] > git for-each-ref --sort -committerdate --format %(refname)%00%(objectname)%00%(*objectname) [2ms]
2026-04-22 22:08:12.256 [info] > git status -z -uall [133ms]
2026-04-22 22:08:23.211 [info] > git config --get commit.template [9ms]
2026-04-22 22:08:23.212 [info] > git for-each-ref --format=%(refname)%00%(upstream:short)%00%(objectname)%00%(upstream:track)%00%(upstream:remotename)%00%(upstream:remoteref) refs/heads/main refs/remotes/main [3ms]
2026-04-22 22:08:23.232 [info] > git for-each-ref --sort -committerdate --format %(refname)%00%(objectname)%00%(*objectname) [3ms]
2026-04-22 22:08:23.421 [info] > git status -z -uall [200ms]
2026-04-22 22:08:28.535 [info] > git config --get commit.template [5ms]
2026-04-22 22:08:28.536 [info] > git for-each-ref --format=%(refname)%00%(upstream:short)%00%(objectname)%00%(upstream:track)%00%(upstream:remotename)%00%(upstream:remoteref) refs/heads/main refs/remotes/main [2ms]
2026-04-22 22:08:28.551 [info] > git for-each-ref --sort -committerdate --format %(refname)%00%(objectname)%00%(*objectname) [2ms]
2026-04-22 22:08:28.653 [info] > git status -z -uall [109ms]
2026-04-22 22:08:33.719 [info] > git config --get commit.template [5ms]
2026-04-22 22:08:33.720 [info] > git for-each-ref --format=%(refname)%00%(upstream:short)%00%(objectname)%00%(upstream:track)%00%(upstream:remotename)%00%(upstream:remoteref) refs/heads/main refs/remotes/main [2ms]
2026-04-22 22:08:33.729 [info] > git for-each-ref --sort -committerdate --format %(refname)%00%(objectname)%00%(*objectname) [2ms]
2026-04-22 22:08:33.838 [info] > git status -z -uall [114ms]
2026-04-22 22:08:38.911 [info] > git config --get commit.template [6ms]
2026-04-22 22:08:38.911 [info] > git for-each-ref --format=%(refname)%00%(upstream:short)%00%(objectname)%00%(upstream:track)%00%(upstream:remotename)%00%(upstream:remoteref) refs/heads/main refs/remotes/main [2ms]
2026-04-22 22:08:38.921 [info] > git for-each-ref --sort -committerdate --format %(refname)%00%(objectname)%00%(*objectname) [2ms]
2026-04-22 22:08:39.019 [info] > git status -z -uall [104ms]
2026-04-22 22:08:44.077 [info] > git config --get commit.template [8ms]
2026-04-22 22:08:44.079 [info] > git for-each-ref --format=%(refname)%00%(upstream:short)%00%(objectname)%00%(upstream:track)%00%(upstream:remotename)%00%(upstream:remoteref) refs/heads/main refs/remotes/main [3ms]
2026-04-22 22:08:44.092 [info] > git for-each-ref --sort -committerdate --format %(refname)%00%(objectname)%00%(*objectname) [2ms]
2026-04-22 22:08:44.195 [info] > git status -z -uall [110ms]
2026-04-22 22:08:49.253 [info] > git config --get commit.template [5ms]
2026-04-22 22:08:49.254 [info] > git for-each-ref --format=%(refname)%00%(upstream:short)%00%(objectname)%00%(upstream:track)%00%(upstream:remotename)%00%(upstream:remoteref) refs/heads/main refs/remotes/main [2ms]
2026-04-22 22:08:49.264 [info] > git for-each-ref --sort -committerdate --format %(refname)%00%(objectname)%00%(*objectname) [1ms]
2026-04-22 22:08:49.376 [info] > git status -z -uall [117ms]
2026-04-22 22:08:54.441 [info] > git config --get commit.template [5ms]
2026-04-22 22:08:54.442 [info] > git for-each-ref --format=%(refname)%00%(upstream:short)%00%(objectname)%00%(upstream:track)%00%(upstream:remotename)%00%(upstream:remoteref) refs/heads/main refs/remotes/main [2ms]
2026-04-22 22:08:54.452 [info] > git for-each-ref --sort -committerdate --format %(refname)%00%(objectname)%00%(*objectname) [1ms]
2026-04-22 22:08:54.549 [info] > git status -z -uall [103ms]
2026-04-22 22:08:59.619 [info] > git config --get commit.template [8ms]
2026-04-22 22:08:59.621 [info] > git for-each-ref --format=%(refname)%00%(upstream:short)%00%(objectname)%00%(upstream:track)%00%(upstream:remotename)%00%(upstream:remoteref) refs/heads/main refs/remotes/main [2ms]
2026-04-22 22:08:59.636 [info] > git for-each-ref --sort -committerdate --format %(refname)%00%(objectname)%00%(*objectname) [2ms]
2026-04-22 22:08:59.753 [info] > git status -z -uall [124ms]
2026-04-22 22:09:04.819 [info] > git config --get commit.template [9ms]
2026-04-22 22:09:04.820 [info] > git for-each-ref --format=%(refname)%00%(upstream:short)%00%(objectname)%00%(upstream:track)%00%(upstream:remotename)%00%(upstream:remoteref) refs/heads/main refs/remotes/main [3ms]
2026-04-22 22:09:04.833 [info] > git for-each-ref --sort -committerdate --format %(refname)%00%(objectname)%00%(*objectname) [1ms]
2026-04-22 22:09:04.934 [info] > git status -z -uall [108ms]
2026-04-22 22:09:09.995 [info] > git config --get commit.template [5ms]
2026-04-22 22:09:09.996 [info] > git for-each-ref --format=%(refname)%00%(upstream:short)%00%(objectname)%00%(upstream:track)%00%(upstream:remotename)%00%(upstream:remoteref) refs/heads/main refs/remotes/main [2ms]
2026-04-22 22:09:10.006 [info] > git for-each-ref --sort -committerdate --format %(refname)%00%(objectname)%00%(*objectname) [2ms]
2026-04-22 22:09:10.128 [info] > git status -z -uall [128ms]
2026-04-22 22:09:20.781 [info] > git config --get commit.template [8ms]
2026-04-22 22:09:20.782 [info] > git for-each-ref --format=%(refname)%00%(upstream:short)%00%(objectname)%00%(upstream:track)%00%(upstream:remotename)%00%(upstream:remoteref) refs/heads/main refs/remotes/main [2ms]
2026-04-22 22:09:20.798 [info] > git for-each-ref --sort -committerdate --format %(refname)%00%(objectname)%00%(*objectname) [3ms]
2026-04-22 22:09:20.916 [info] > git status -z -uall [127ms]
2026-04-22 22:09:26.040 [info] > git config --get commit.template [7ms]
2026-04-22 22:09:26.041 [info] > git for-each-ref --format=%(refname)%00%(upstream:short)%00%(objectname)%00%(upstream:track)%00%(upstream:remotename)%00%(upstream:remoteref) refs/heads/main refs/remotes/main [2ms]
2026-04-22 22:09:26.054 [info] > git for-each-ref --sort -committerdate --format %(refname)%00%(objectname)%00%(*objectname) [1ms]
2026-04-22 22:09:26.158 [info] > git status -z -uall [111ms]
2026-04-22 22:10:30.068 [info] > git config --get commit.template [4ms]
2026-04-22 22:10:30.079 [info] > git for-each-ref --format=%(refname)%00%(upstream:short)%00%(objectname)%00%(upstream:track)%00%(upstream:remotename)%00%(upstream:remoteref) refs/heads/main refs/remotes/main [3ms]
2026-04-22 22:10:30.098 [info] > git for-each-ref --sort -committerdate --format %(refname)%00%(objectname)%00%(*objectname) [3ms]
2026-04-22 22:10:30.240 [info] > git status -z -uall [153ms]
2026-04-22 22:10:54.386 [info] > git config --get commit.template [10ms]
2026-04-22 22:10:54.388 [info] > git for-each-ref --format=%(refname)%00%(upstream:short)%00%(objectname)%00%(upstream:track)%00%(upstream:remotename)%00%(upstream:remoteref) refs/heads/main refs/remotes/main [3ms]
2026-04-22 22:10:54.404 [info] > git for-each-ref --sort -committerdate --format %(refname)%00%(objectname)%00%(*objectname) [3ms]
2026-04-22 22:10:54.587 [info] > git status -z -uall [192ms]
2026-04-22 22:12:53.652 [info] > git config --get commit.template [8ms]
2026-04-22 22:12:53.654 [info] > git for-each-ref --format=%(refname)%00%(upstream:short)%00%(objectname)%00%(upstream:track)%00%(upstream:remotename)%00%(upstream:remoteref) refs/heads/main refs/remotes/main [3ms]
2026-04-22 22:12:53.670 [info] > git for-each-ref --sort -committerdate --format %(refname)%00%(objectname)%00%(*objectname) [3ms]
2026-04-22 22:12:53.791 [info] > git status -z -uall [130ms]
2026-04-22 22:13:01.905 [info] > git config --get commit.template [8ms]
2026-04-22 22:13:01.906 [info] > git for-each-ref --format=%(refname)%00%(upstream:short)%00%(objectname)%00%(upstream:track)%00%(upstream:remotename)%00%(upstream:remoteref) refs/heads/main refs/remotes/main [3ms]
2026-04-22 22:13:01.925 [info] > git for-each-ref --sort -committerdate --format %(refname)%00%(objectname)%00%(*objectname) [4ms]
2026-04-22 22:13:02.099 [info] > git status -z -uall [185ms]
2026-04-22 22:13:07.186 [info] > git config --get commit.template [6ms]
2026-04-22 22:13:07.189 [info] > git for-each-ref --format=%(refname)%00%(upstream:short)%00%(objectname)%00%(upstream:track)%00%(upstream:remotename)%00%(upstream:remoteref) refs/heads/main refs/remotes/main [4ms]
2026-04-22 22:13:07.201 [info] > git for-each-ref --sort -committerdate --format %(refname)%00%(objectname)%00%(*objectname) [2ms]
2026-04-22 22:13:07.294 [info] > git status -z -uall [99ms]
2026-04-22 22:13:16.170 [info] > git config --get commit.template [9ms]
2026-04-22 22:13:16.172 [info] > git for-each-ref --format=%(refname)%00%(upstream:short)%00%(objectname)%00%(upstream:track)%00%(upstream:remotename)%00%(upstream:remoteref) refs/heads/main refs/remotes/main [4ms]
2026-04-22 22:13:16.191 [info] > git for-each-ref --sort -committerdate --format %(refname)%00%(objectname)%00%(*objectname) [3ms]
2026-04-22 22:13:16.354 [info] > git status -z -uall [172ms]
2026-04-22 22:13:20.891 [info] > git config --get commit.template [5ms]
2026-04-22 22:13:20.892 [info] > git for-each-ref --format=%(refname)%00%(upstream:short)%00%(objectname)%00%(upstream:track)%00%(upstream:remotename)%00%(upstream:remoteref) refs/heads/main refs/remotes/main [1ms]
2026-04-22 22:13:20.904 [info] > git for-each-ref --sort -committerdate --format %(refname)%00%(objectname)%00%(*objectname) [2ms]
2026-04-22 22:13:21.000 [info] > git status -z -uall [103ms]
2026-04-22 22:13:27.749 [info] > git config --get commit.template [9ms]
2026-04-22 22:13:27.751 [info] > git for-each-ref --format=%(refname)%00%(upstream:short)%00%(objectname)%00%(upstream:track)%00%(upstream:remotename)%00%(upstream:remoteref) refs/heads/main refs/remotes/main [3ms]
2026-04-22 22:13:27.770 [info] > git for-each-ref --sort -committerdate --format %(refname)%00%(objectname)%00%(*objectname) [3ms]
2026-04-22 22:13:27.949 [info] > git status -z -uall [190ms]
2026-04-22 22:14:36.685 [info] > git config --get commit.template [9ms]
2026-04-22 22:14:36.686 [info] > git for-each-ref --format=%(refname)%00%(upstream:short)%00%(objectname)%00%(upstream:track)%00%(upstream:remotename)%00%(upstream:remoteref) refs/heads/main refs/remotes/main [3ms]
2026-04-22 22:14:36.703 [info] > git for-each-ref --sort -committerdate --format %(refname)%00%(objectname)%00%(*objectname) [3ms]
2026-04-22 22:14:36.849 [info] > git status -z -uall [156ms]
2026-04-22 22:16:23.970 [info] > git config --get commit.template [8ms]
2026-04-22 22:16:23.972 [info] > git for-each-ref --format=%(refname)%00%(upstream:short)%00%(objectname)%00%(upstream:track)%00%(upstream:remotename)%00%(upstream:remoteref) refs/heads/main refs/remotes/main [3ms]
2026-04-22 22:16:23.988 [info] > git for-each-ref --sort -committerdate --format %(refname)%00%(objectname)%00%(*objectname) [3ms]
2026-04-22 22:16:24.128 [info] > git status -z -uall [150ms]
2026-04-22 22:17:11.281 [info] > git config --get commit.template [7ms]
2026-04-22 22:17:11.283 [info] > git for-each-ref --format=%(refname)%00%(upstream:short)%00%(objectname)%00%(upstream:track)%00%(upstream:remotename)%00%(upstream:remoteref) refs/heads/main refs/remotes/main [2ms]
2026-04-22 22:17:11.298 [info] > git for-each-ref --sort -committerdate --format %(refname)%00%(objectname)%00%(*objectname) [2ms]
2026-04-22 22:17:11.492 [info] > git status -z -uall [202ms]
2026-04-22 22:17:16.566 [info] > git config --get commit.template [6ms]
2026-04-22 22:17:16.566 [info] > git for-each-ref --format=%(refname)%00%(upstream:short)%00%(objectname)%00%(upstream:track)%00%(upstream:remotename)%00%(upstream:remoteref) refs/heads/main refs/remotes/main [2ms]
2026-04-22 22:17:16.578 [info] > git for-each-ref --sort -committerdate --format %(refname)%00%(objectname)%00%(*objectname) [1ms]
2026-04-22 22:17:16.687 [info] > git status -z -uall [116ms]
2026-04-22 22:17:21.759 [info] > git config --get commit.template [8ms]
2026-04-22 22:17:21.759 [info] > git for-each-ref --format=%(refname)%00%(upstream:short)%00%(objectname)%00%(upstream:track)%00%(upstream:remotename)%00%(upstream:remoteref) refs/heads/main refs/remotes/main [2ms]
2026-04-22 22:17:21.770 [info] > git for-each-ref --sort -committerdate --format %(refname)%00%(objectname)%00%(*objectname) [2ms]
2026-04-22 22:17:21.883 [info] > git status -z -uall [119ms]
2026-04-22 22:17:56.239 [info] > git config --get commit.template [2ms]
2026-04-22 22:17:56.249 [info] > git for-each-ref --format=%(refname)%00%(upstream:short)%00%(objectname)%00%(upstream:track)%00%(upstream:remotename)%00%(upstream:remoteref) refs/heads/main refs/remotes/main [5ms]
2026-04-22 22:17:56.262 [info] > git for-each-ref --sort -committerdate --format %(refname)%00%(objectname)%00%(*objectname) [2ms]
2026-04-22 22:17:56.346 [info] > git status -z -uall [90ms]
2026-04-22 22:17:56.784 [info] > git check-ignore -v -z --stdin [7ms]
2026-04-22 22:18:01.442 [info] > git config --get commit.template [8ms]
2026-04-22 22:18:01.443 [info] > git for-each-ref --format=%(refname)%00%(upstream:short)%00%(objectname)%00%(upstream:track)%00%(upstream:remotename)%00%(upstream:remoteref) refs/heads/main refs/remotes/main [2ms]
2026-04-22 22:18:01.458 [info] > git for-each-ref --sort -committerdate --format %(refname)%00%(objectname)%00%(*objectname) [3ms]
2026-04-22 22:18:01.578 [info] > git status -z -uall [128ms]
2026-04-22 22:18:06.675 [info] > git config --get commit.template [9ms]
2026-04-22 22:18:06.677 [info] > git for-each-ref --format=%(refname)%00%(upstream:short)%00%(objectname)%00%(upstream:track)%00%(upstream:remotename)%00%(upstream:remoteref) refs/heads/main refs/remotes/main [3ms]
2026-04-22 22:18:06.696 [info] > git for-each-ref --sort -committerdate --format %(refname)%00%(objectname)%00%(*objectname) [4ms]
2026-04-22 22:18:06.833 [info] > git status -z -uall [148ms]
