2026-04-23 16:11:42.392 [info] Reading sessions from keychain...
2026-04-23 16:11:42.392 [info] Getting sessions for all scopes...
2026-04-23 16:11:42.392 [info] Got 0 sessions for ...
2026-04-23 16:11:42.392 [info] Getting sessions for all scopes...
2026-04-23 16:11:42.392 [info] Got 0 sessions for ...
2026-04-23 16:11:42.415 [info] Getting sessions for all scopes...
2026-04-23 16:11:42.415 [info] Got 0 sessions for ...
2026-04-23 16:11:42.420 [info] Getting sessions for all scopes...
2026-04-23 16:11:42.420 [info] Got 0 sessions for ...
2026-04-23 16:11:44.460 [info] Getting sessions for all scopes...
2026-04-23 16:11:44.460 [info] Got 0 sessions for ...
2026-04-23 16:12:02.294 [info] Getting sessions for read:user,repo,user:email,workflow...
2026-04-23 16:12:02.294 [info] Got 0 sessions for read:user,repo,user:email,workflow...
2026-04-23 16:16:08.949 [info] Getting sessions for all scopes...
2026-04-23 16:16:08.949 [info] Got 0 sessions for ...
2026-04-23 16:16:48.169 [info] Getting sessions for all scopes...
2026-04-23 16:16:48.169 [info] Got 0 sessions for ...
2026-04-23 16:16:51.529 [info] Getting sessions for all scopes...
2026-04-23 16:16:51.529 [info] Got 0 sessions for ...
2026-04-23 16:16:54.761 [info] Getting sessions for all scopes...
2026-04-23 16:16:54.761 [info] Got 0 sessions for ...
2026-04-23 16:17:13.921 [info] Getting sessions for all scopes...
2026-04-23 16:17:13.921 [info] Got 0 sessions for ...
