2026-04-22 21:54:01.288 [info] Extension host with pid 5878 started
2026-04-22 21:54:01.429 [info] ExtensionService#_doActivateExtension vscode.github-authentication, startup: false, activationEvent: 'onAuthenticationRequest:github'
2026-04-22 21:54:01.478 [info] ExtensionService#_doActivateExtension vscode.emmet, startup: false, activationEvent: 'onLanguage'
2026-04-22 21:54:01.568 [info] ExtensionService#_doActivateExtension vscode.git-base, startup: true, activationEvent: '*', root cause: vscode.git
2026-04-22 21:54:01.574 [info] ExtensionService#_doActivateExtension vscode.git, startup: true, activationEvent: '*'
2026-04-22 21:54:01.639 [info] ExtensionService#_doActivateExtension vscode.github, startup: true, activationEvent: '*'
2026-04-22 21:54:01.811 [info] Eager extensions activated
2026-04-22 21:54:01.820 [info] ExtensionService#_doActivateExtension vscode.debug-auto-launch, startup: false, activationEvent: 'onStartupFinished'
2026-04-22 21:54:01.824 [info] ExtensionService#_doActivateExtension vscode.merge-conflict, startup: false, activationEvent: 'onStartupFinished'
2026-04-22 21:54:02.099 [warning] [Decorations] CAPPING events from decorations provider vscode.git 3209
2026-04-22 21:54:02.569 [warning] [Decorations] CAPPING events from decorations provider vscode.git 3210
2026-04-22 21:54:10.759 [warning] [Decorations] CAPPING events from decorations provider vscode.git 3210
2026-04-22 21:54:19.185 [warning] [Decorations] CAPPING events from decorations provider vscode.git 3212
2026-04-22 21:54:25.498 [warning] [Decorations] CAPPING events from decorations provider vscode.git 3191
2026-04-22 21:54:30.688 [warning] [Decorations] CAPPING events from decorations provider vscode.git 3188
2026-04-22 21:54:35.867 [warning] [Decorations] CAPPING events from decorations provider vscode.git 3188
2026-04-22 21:54:41.047 [warning] [Decorations] CAPPING events from decorations provider vscode.git 3188
2026-04-22 21:54:46.231 [warning] [Decorations] CAPPING events from decorations provider vscode.git 3188
2026-04-22 21:54:51.409 [warning] [Decorations] CAPPING events from decorations provider vscode.git 3188
2026-04-22 21:54:56.584 [warning] [Decorations] CAPPING events from decorations provider vscode.git 3188
2026-04-22 21:55:02.560 [warning] [Decorations] CAPPING events from decorations provider vscode.git 3188
2026-04-22 21:55:07.746 [warning] [Decorations] CAPPING events from decorations provider vscode.git 3188
2026-04-22 21:55:15.632 [warning] [Decorations] CAPPING events from decorations provider vscode.git 3188
2026-04-22 21:55:20.940 [warning] [Decorations] CAPPING events from decorations provider vscode.git 3188
2026-04-22 21:55:26.123 [warning] [Decorations] CAPPING events from decorations provider vscode.git 3188
2026-04-22 21:57:20.731 [warning] [Decorations] CAPPING events from decorations provider vscode.git 3188
2026-04-22 21:57:25.950 [warning] [Decorations] CAPPING events from decorations provider vscode.git 3187
2026-04-22 21:57:38.362 [warning] [Decorations] CAPPING events from decorations provider vscode.git 3187
2026-04-22 21:57:43.571 [warning] [Decorations] CAPPING events from decorations provider vscode.git 3186
2026-04-22 21:57:48.747 [warning] [Decorations] CAPPING events from decorations provider vscode.git 3186
2026-04-22 21:59:33.802 [warning] [Decorations] CAPPING events from decorations provider vscode.git 3186
2026-04-22 21:59:38.998 [warning] [Decorations] CAPPING events from decorations provider vscode.git 3186
2026-04-22 21:59:44.182 [warning] [Decorations] CAPPING events from decorations provider vscode.git 3186
2026-04-22 21:59:51.825 [warning] [Decorations] CAPPING events from decorations provider vscode.git 3186
2026-04-22 21:59:57.341 [warning] [Decorations] CAPPING events from decorations provider vscode.git 3186
2026-04-22 22:00:02.530 [warning] [Decorations] CAPPING events from decorations provider vscode.git 3186
2026-04-22 22:00:14.316 [warning] [Decorations] CAPPING events from decorations provider vscode.git 3186
2026-04-22 22:00:19.514 [warning] [Decorations] CAPPING events from decorations provider vscode.git 3186
2026-04-22 22:00:24.694 [warning] [Decorations] CAPPING events from decorations provider vscode.git 3186
2026-04-22 22:00:55.177 [warning] [Decorations] CAPPING events from decorations provider vscode.git 3186
2026-04-22 22:01:20.372 [warning] [Decorations] CAPPING events from decorations provider vscode.git 3187
2026-04-22 22:01:25.541 [warning] [Decorations] CAPPING events from decorations provider vscode.git 3187
2026-04-22 22:01:30.719 [warning] [Decorations] CAPPING events from decorations provider vscode.git 3187
2026-04-22 22:01:35.992 [warning] [Decorations] CAPPING events from decorations provider vscode.git 3187
2026-04-22 22:01:41.184 [warning] [Decorations] CAPPING events from decorations provider vscode.git 3187
2026-04-22 22:01:46.387 [warning] [Decorations] CAPPING events from decorations provider vscode.git 3187
2026-04-22 22:01:51.571 [warning] [Decorations] CAPPING events from decorations provider vscode.git 3188
2026-04-22 22:02:07.014 [warning] [Decorations] CAPPING events from decorations provider vscode.git 3188
2026-04-22 22:02:12.202 [warning] [Decorations] CAPPING events from decorations provider vscode.git 3188
2026-04-22 22:02:17.388 [warning] [Decorations] CAPPING events from decorations provider vscode.git 3189
2026-04-22 22:02:22.573 [warning] [Decorations] CAPPING events from decorations provider vscode.git 3189
2026-04-22 22:02:50.050 [warning] [Decorations] CAPPING events from decorations provider vscode.git 3190
2026-04-22 22:02:55.345 [warning] [Decorations] CAPPING events from decorations provider vscode.git 3190
2026-04-22 22:03:00.663 [warning] [Decorations] CAPPING events from decorations provider vscode.git 3190
2026-04-22 22:03:05.854 [warning] [Decorations] CAPPING events from decorations provider vscode.git 3190
2026-04-22 22:03:11.033 [warning] [Decorations] CAPPING events from decorations provider vscode.git 3190
2026-04-22 22:03:16.221 [warning] [Decorations] CAPPING events from decorations provider vscode.git 3190
2026-04-22 22:03:21.429 [warning] [Decorations] CAPPING events from decorations provider vscode.git 3190
2026-04-22 22:03:26.596 [warning] [Decorations] CAPPING events from decorations provider vscode.git 3190
2026-04-22 22:03:31.776 [warning] [Decorations] CAPPING events from decorations provider vscode.git 3190
2026-04-22 22:03:36.972 [warning] [Decorations] CAPPING events from decorations provider vscode.git 3190
2026-04-22 22:03:42.179 [warning] [Decorations] CAPPING events from decorations provider vscode.git 3190
2026-04-22 22:03:47.890 [warning] [Decorations] CAPPING events from decorations provider vscode.git 3190
2026-04-22 22:03:53.070 [warning] [Decorations] CAPPING events from decorations provider vscode.git 3190
2026-04-22 22:03:58.267 [warning] [Decorations] CAPPING events from decorations provider vscode.git 3190
2026-04-22 22:04:03.439 [warning] [Decorations] CAPPING events from decorations provider vscode.git 3190
2026-04-22 22:04:08.612 [warning] [Decorations] CAPPING events from decorations provider vscode.git 3190
2026-04-22 22:04:13.808 [warning] [Decorations] CAPPING events from decorations provider vscode.git 3190
2026-04-22 22:04:19.026 [warning] [Decorations] CAPPING events from decorations provider vscode.git 3190
2026-04-22 22:04:24.203 [warning] [Decorations] CAPPING events from decorations provider vscode.git 3190
2026-04-22 22:04:29.386 [warning] [Decorations] CAPPING events from decorations provider vscode.git 3191
2026-04-22 22:04:34.621 [warning] [Decorations] CAPPING events from decorations provider vscode.git 3191
2026-04-22 22:04:39.831 [warning] [Decorations] CAPPING events from decorations provider vscode.git 3191
2026-04-22 22:04:45.071 [warning] [Decorations] CAPPING events from decorations provider vscode.git 3191
2026-04-22 22:04:50.379 [warning] [Decorations] CAPPING events from decorations provider vscode.git 3191
2026-04-22 22:04:55.575 [warning] [Decorations] CAPPING events from decorations provider vscode.git 3192
2026-04-22 22:05:00.785 [warning] [Decorations] CAPPING events from decorations provider vscode.git 3192
2026-04-22 22:05:06.117 [warning] [Decorations] CAPPING events from decorations provider vscode.git 3192
2026-04-22 22:05:11.637 [warning] [Decorations] CAPPING events from decorations provider vscode.git 3192
2026-04-22 22:05:16.812 [warning] [Decorations] CAPPING events from decorations provider vscode.git 3192
2026-04-22 22:05:22.157 [warning] [Decorations] CAPPING events from decorations provider vscode.git 3192
2026-04-22 22:05:27.376 [warning] [Decorations] CAPPING events from decorations provider vscode.git 3192
2026-04-22 22:05:32.567 [warning] [Decorations] CAPPING events from decorations provider vscode.git 3192
2026-04-22 22:05:37.741 [warning] [Decorations] CAPPING events from decorations provider vscode.git 3193
2026-04-22 22:05:42.932 [warning] [Decorations] CAPPING events from decorations provider vscode.git 3193
2026-04-22 22:05:48.140 [warning] [Decorations] CAPPING events from decorations provider vscode.git 3193
2026-04-22 22:05:53.325 [warning] [Decorations] CAPPING events from decorations provider vscode.git 3193
2026-04-22 22:05:58.501 [warning] [Decorations] CAPPING events from decorations provider vscode.git 3193
2026-04-22 22:06:03.686 [warning] [Decorations] CAPPING events from decorations provider vscode.git 3193
2026-04-22 22:06:08.864 [warning] [Decorations] CAPPING events from decorations provider vscode.git 3193
2026-04-22 22:06:14.136 [warning] [Decorations] CAPPING events from decorations provider vscode.git 3193
2026-04-22 22:06:19.482 [warning] [Decorations] CAPPING events from decorations provider vscode.git 3193
2026-04-22 22:06:24.689 [warning] [Decorations] CAPPING events from decorations provider vscode.git 3193
2026-04-22 22:06:29.899 [warning] [Decorations] CAPPING events from decorations provider vscode.git 3193
2026-04-22 22:06:35.067 [warning] [Decorations] CAPPING events from decorations provider vscode.git 3194
2026-04-22 22:06:40.249 [warning] [Decorations] CAPPING events from decorations provider vscode.git 3194
2026-04-22 22:07:16.453 [warning] [Decorations] CAPPING events from decorations provider vscode.git 3196
2026-04-22 22:07:21.628 [warning] [Decorations] CAPPING events from decorations provider vscode.git 3186
2026-04-22 22:07:36.926 [warning] [Decorations] CAPPING events from decorations provider vscode.git 3186
2026-04-22 22:07:43.139 [warning] [Decorations] CAPPING events from decorations provider vscode.git 3186
2026-04-22 22:08:01.916 [warning] [Decorations] CAPPING events from decorations provider vscode.git 3186
2026-04-22 22:08:07.100 [warning] [Decorations] CAPPING events from decorations provider vscode.git 3186
2026-04-22 22:08:12.312 [warning] [Decorations] CAPPING events from decorations provider vscode.git 3186
2026-04-22 22:08:23.517 [warning] [Decorations] CAPPING events from decorations provider vscode.git 3187
2026-04-22 22:08:28.703 [warning] [Decorations] CAPPING events from decorations provider vscode.git 3188
2026-04-22 22:08:33.894 [warning] [Decorations] CAPPING events from decorations provider vscode.git 3188
2026-04-22 22:08:39.058 [warning] [Decorations] CAPPING events from decorations provider vscode.git 3188
2026-04-22 22:08:44.238 [warning] [Decorations] CAPPING events from decorations provider vscode.git 3188
2026-04-22 22:08:49.424 [warning] [Decorations] CAPPING events from decorations provider vscode.git 3188
2026-04-22 22:08:54.596 [warning] [Decorations] CAPPING events from decorations provider vscode.git 3188
2026-04-22 22:08:59.796 [warning] [Decorations] CAPPING events from decorations provider vscode.git 3188
2026-04-22 22:09:04.980 [warning] [Decorations] CAPPING events from decorations provider vscode.git 3188
2026-04-22 22:09:10.171 [warning] [Decorations] CAPPING events from decorations provider vscode.git 3188
2026-04-22 22:09:21.015 [warning] [Decorations] CAPPING events from decorations provider vscode.git 3189
2026-04-22 22:09:26.202 [warning] [Decorations] CAPPING events from decorations provider vscode.git 3189
2026-04-22 22:10:30.301 [warning] [Decorations] CAPPING events from decorations provider vscode.git 3189
2026-04-22 22:10:54.653 [warning] [Decorations] CAPPING events from decorations provider vscode.git 3189
2026-04-22 22:12:53.870 [warning] [Decorations] CAPPING events from decorations provider vscode.git 3189
2026-04-22 22:13:02.163 [warning] [Decorations] CAPPING events from decorations provider vscode.git 3189
2026-04-22 22:13:07.343 [warning] [Decorations] CAPPING events from decorations provider vscode.git 3189
2026-04-22 22:13:16.433 [warning] [Decorations] CAPPING events from decorations provider vscode.git 3190
2026-04-22 22:13:21.058 [warning] [Decorations] CAPPING events from decorations provider vscode.git 3190
2026-04-22 22:13:28.009 [warning] [Decorations] CAPPING events from decorations provider vscode.git 3191
2026-04-22 22:14:36.902 [warning] [Decorations] CAPPING events from decorations provider vscode.git 3191
2026-04-22 22:16:24.172 [warning] [Decorations] CAPPING events from decorations provider vscode.git 3191
2026-04-22 22:17:11.548 [warning] [Decorations] CAPPING events from decorations provider vscode.git 3207
2026-04-22 22:17:16.740 [warning] [Decorations] CAPPING events from decorations provider vscode.git 3206
2026-04-22 22:17:21.942 [warning] [Decorations] CAPPING events from decorations provider vscode.git 3206
2026-04-22 22:17:56.417 [warning] [Decorations] CAPPING events from decorations provider vscode.git 3206
2026-04-22 22:18:01.651 [warning] [Decorations] CAPPING events from decorations provider vscode.git 3206
2026-04-22 22:18:06.883 [warning] [Decorations] CAPPING events from decorations provider vscode.git 3206
2026-04-22 22:18:09.654 [info] Extension host terminating: received terminate message from renderer
2026-04-22 22:18:09.708 [error] ProxyResolver#resolveProxy undefined Canceled: Canceled
	at new jI (file:///opt/visual-studio-code/resources/app/out/vs/workbench/api/node/extensionHostProcess.js:407:149022)
	at i._remoteCall (file:///opt/visual-studio-code/resources/app/out/vs/workbench/api/node/extensionHostProcess.js:407:155074)
	at r.<computed>.s.charCodeAt.r.<computed> (file:///opt/visual-studio-code/resources/app/out/vs/workbench/api/node/extensionHostProcess.js:407:151869)
	at ig.resolveProxy (file:///opt/visual-studio-code/resources/app/out/vs/workbench/api/node/extensionHostProcess.js:498:79863)
	at Object.resolveProxy (file:///opt/visual-studio-code/resources/app/out/vs/workbench/api/node/extensionHostProcess.js:632:26920)
	at useProxySettings (/opt/visual-studio-code/resources/app/node_modules/@vscode/proxy-agent/out/index.js:208:16)
	at /opt/visual-studio-code/resources/app/node_modules/@vscode/proxy-agent/out/index.js:145:13
	at /opt/visual-studio-code/resources/app/node_modules/@vscode/proxy-agent/out/index.js:995:13 
2026-04-22 22:18:09.755 [info] Extension host with pid 5878 exiting with code 0
