2026-04-19 16:43:42.937 [info] Extension host with pid 83799 started
2026-04-19 16:43:42.965 [info] ExtensionService#_doActivateExtension vscode.github-authentication, startup: false, activationEvent: 'onAuthenticationRequest:github'
2026-04-19 16:43:42.984 [info] ExtensionService#_doActivateExtension vscode.emmet, startup: false, activationEvent: 'onLanguage'
2026-04-19 16:43:43.040 [info] ExtensionService#_doActivateExtension vscode.git-base, startup: true, activationEvent: '*', root cause: vscode.git
2026-04-19 16:43:43.058 [info] ExtensionService#_doActivateExtension vscode.git, startup: true, activationEvent: '*'
2026-04-19 16:43:43.096 [info] ExtensionService#_doActivateExtension vscode.github, startup: true, activationEvent: '*'
2026-04-19 16:43:43.200 [info] Eager extensions activated
2026-04-19 16:43:43.206 [info] ExtensionService#_doActivateExtension vscode.debug-auto-launch, startup: false, activationEvent: 'onStartupFinished'
2026-04-19 16:43:43.207 [info] ExtensionService#_doActivateExtension vscode.merge-conflict, startup: false, activationEvent: 'onStartupFinished'
2026-04-19 16:43:43.273 [warning] [Decorations] CAPPING events from decorations provider vscode.git 691
2026-04-19 16:43:43.367 [warning] [Decorations] CAPPING events from decorations provider vscode.git 692
2026-04-19 16:43:46.977 [warning] [Decorations] CAPPING events from decorations provider vscode.git 692
2026-04-19 16:44:17.199 [warning] [Decorations] CAPPING events from decorations provider vscode.git 691
2026-04-19 16:44:22.278 [warning] [Decorations] CAPPING events from decorations provider vscode.git 602
2026-04-19 16:44:27.389 [warning] [Decorations] CAPPING events from decorations provider vscode.git 602
2026-04-19 16:44:32.517 [warning] [Decorations] CAPPING events from decorations provider vscode.git 602
2026-04-19 16:44:37.666 [warning] [Decorations] CAPPING events from decorations provider vscode.git 602
2026-04-19 16:44:42.769 [warning] [Decorations] CAPPING events from decorations provider vscode.git 602
2026-04-19 16:44:52.022 [warning] [Decorations] CAPPING events from decorations provider vscode.git 602
2026-04-19 16:44:57.120 [warning] [Decorations] CAPPING events from decorations provider vscode.git 602
2026-04-19 16:45:02.246 [warning] [Decorations] CAPPING events from decorations provider vscode.git 602
2026-04-19 16:45:33.615 [warning] [Decorations] CAPPING events from decorations provider vscode.git 603
2026-04-19 16:45:38.715 [warning] [Decorations] CAPPING events from decorations provider vscode.git 602
2026-04-19 16:45:43.812 [warning] [Decorations] CAPPING events from decorations provider vscode.git 602
2026-04-19 16:45:49.239 [warning] [Decorations] CAPPING events from decorations provider vscode.git 602
2026-04-19 16:45:54.318 [warning] [Decorations] CAPPING events from decorations provider vscode.git 601
2026-04-19 16:45:59.417 [warning] [Decorations] CAPPING events from decorations provider vscode.git 601
2026-04-19 16:46:04.517 [warning] [Decorations] CAPPING events from decorations provider vscode.git 601
2026-04-19 16:46:09.647 [warning] [Decorations] CAPPING events from decorations provider vscode.git 601
2026-04-19 16:46:14.744 [warning] [Decorations] CAPPING events from decorations provider vscode.git 601
2026-04-19 16:46:19.831 [warning] [Decorations] CAPPING events from decorations provider vscode.git 601
2026-04-19 16:46:27.003 [warning] [Decorations] CAPPING events from decorations provider vscode.git 601
2026-04-19 16:46:32.099 [warning] [Decorations] CAPPING events from decorations provider vscode.git 601
2026-04-19 16:46:38.141 [warning] [Decorations] CAPPING events from decorations provider vscode.git 601
2026-04-19 16:46:43.231 [warning] [Decorations] CAPPING events from decorations provider vscode.git 601
2026-04-19 16:46:48.354 [warning] [Decorations] CAPPING events from decorations provider vscode.git 601
2026-04-19 16:46:53.444 [warning] [Decorations] CAPPING events from decorations provider vscode.git 601
2026-04-19 16:46:58.539 [warning] [Decorations] CAPPING events from decorations provider vscode.git 601
2026-04-19 16:47:03.614 [warning] [Decorations] CAPPING events from decorations provider vscode.git 601
2026-04-19 16:47:08.709 [warning] [Decorations] CAPPING events from decorations provider vscode.git 601
2026-04-19 16:49:49.862 [warning] [Decorations] CAPPING events from decorations provider vscode.git 601
2026-04-19 16:49:54.959 [warning] [Decorations] CAPPING events from decorations provider vscode.git 601
2026-04-19 16:50:00.049 [warning] [Decorations] CAPPING events from decorations provider vscode.git 601
2026-04-19 16:50:05.143 [warning] [Decorations] CAPPING events from decorations provider vscode.git 601
2026-04-19 16:50:10.259 [warning] [Decorations] CAPPING events from decorations provider vscode.git 601
2026-04-19 16:50:15.356 [warning] [Decorations] CAPPING events from decorations provider vscode.git 601
2026-04-19 16:50:20.468 [warning] [Decorations] CAPPING events from decorations provider vscode.git 601
2026-04-19 16:50:26.266 [warning] [Decorations] CAPPING events from decorations provider vscode.git 602
2026-04-19 16:50:38.902 [warning] [Decorations] CAPPING events from decorations provider vscode.git 602
2026-04-19 16:50:44.027 [warning] [Decorations] CAPPING events from decorations provider vscode.git 601
2026-04-19 16:50:49.136 [warning] [Decorations] CAPPING events from decorations provider vscode.git 601
2026-04-19 16:50:54.249 [warning] [Decorations] CAPPING events from decorations provider vscode.git 601
2026-04-19 16:50:59.364 [warning] [Decorations] CAPPING events from decorations provider vscode.git 601
2026-04-19 16:51:04.475 [warning] [Decorations] CAPPING events from decorations provider vscode.git 601
2026-04-19 16:51:09.580 [warning] [Decorations] CAPPING events from decorations provider vscode.git 601
2026-04-19 16:51:14.706 [warning] [Decorations] CAPPING events from decorations provider vscode.git 601
2026-04-19 16:51:44.286 [warning] [Decorations] CAPPING events from decorations provider vscode.git 601
2026-04-19 16:51:54.845 [warning] [Decorations] CAPPING events from decorations provider vscode.git 601
2026-04-19 16:52:04.563 [warning] [Decorations] CAPPING events from decorations provider vscode.git 602
2026-04-19 16:52:09.675 [warning] [Decorations] CAPPING events from decorations provider vscode.git 602
2026-04-19 16:52:14.754 [warning] [Decorations] CAPPING events from decorations provider vscode.git 601
2026-04-19 16:52:19.852 [warning] [Decorations] CAPPING events from decorations provider vscode.git 601
2026-04-19 16:52:24.964 [warning] [Decorations] CAPPING events from decorations provider vscode.git 601
2026-04-19 16:52:39.984 [warning] [Decorations] CAPPING events from decorations provider vscode.git 601
2026-04-19 16:52:45.102 [warning] [Decorations] CAPPING events from decorations provider vscode.git 601
2026-04-19 16:53:05.790 [warning] [Decorations] CAPPING events from decorations provider vscode.git 601
2026-04-19 16:53:10.883 [warning] [Decorations] CAPPING events from decorations provider vscode.git 601
2026-04-19 16:53:15.979 [warning] [Decorations] CAPPING events from decorations provider vscode.git 601
2026-04-19 16:53:21.081 [warning] [Decorations] CAPPING events from decorations provider vscode.git 601
2026-04-19 16:53:26.184 [warning] [Decorations] CAPPING events from decorations provider vscode.git 601
2026-04-19 16:53:31.277 [warning] [Decorations] CAPPING events from decorations provider vscode.git 602
2026-04-19 16:53:36.379 [warning] [Decorations] CAPPING events from decorations provider vscode.git 602
2026-04-19 16:53:41.495 [warning] [Decorations] CAPPING events from decorations provider vscode.git 602
2026-04-19 16:53:46.579 [warning] [Decorations] CAPPING events from decorations provider vscode.git 602
2026-04-19 16:53:52.415 [warning] [Decorations] CAPPING events from decorations provider vscode.git 602
2026-04-19 16:53:57.502 [warning] [Decorations] CAPPING events from decorations provider vscode.git 602
2026-04-19 16:54:02.590 [warning] [Decorations] CAPPING events from decorations provider vscode.git 602
2026-04-19 16:54:19.261 [warning] [Decorations] CAPPING events from decorations provider vscode.git 602
2026-04-19 16:54:24.354 [warning] [Decorations] CAPPING events from decorations provider vscode.git 602
2026-04-19 16:54:29.470 [warning] [Decorations] CAPPING events from decorations provider vscode.git 602
2026-04-19 16:54:34.585 [warning] [Decorations] CAPPING events from decorations provider vscode.git 602
2026-04-19 16:54:39.678 [warning] [Decorations] CAPPING events from decorations provider vscode.git 602
2026-04-19 16:54:44.790 [warning] [Decorations] CAPPING events from decorations provider vscode.git 603
2026-04-19 16:54:50.753 [warning] [Decorations] CAPPING events from decorations provider vscode.git 603
2026-04-19 16:54:55.841 [warning] [Decorations] CAPPING events from decorations provider vscode.git 603
2026-04-19 16:55:00.940 [warning] [Decorations] CAPPING events from decorations provider vscode.git 603
2026-04-19 16:55:18.348 [warning] [Decorations] CAPPING events from decorations provider vscode.git 604
2026-04-19 16:55:23.449 [warning] [Decorations] CAPPING events from decorations provider vscode.git 605
2026-04-19 16:55:30.112 [warning] [Decorations] CAPPING events from decorations provider vscode.git 605
2026-04-19 16:55:35.226 [warning] [Decorations] CAPPING events from decorations provider vscode.git 605
2026-04-19 16:55:40.603 [warning] [Decorations] CAPPING events from decorations provider vscode.git 605
2026-04-19 16:55:45.706 [warning] [Decorations] CAPPING events from decorations provider vscode.git 605
2026-04-19 16:55:50.816 [warning] [Decorations] CAPPING events from decorations provider vscode.git 605
2026-04-19 16:55:58.356 [warning] [Decorations] CAPPING events from decorations provider vscode.git 605
2026-04-19 16:56:03.466 [warning] [Decorations] CAPPING events from decorations provider vscode.git 605
2026-04-19 16:56:12.194 [warning] [Decorations] CAPPING events from decorations provider vscode.git 605
2026-04-19 16:56:17.290 [warning] [Decorations] CAPPING events from decorations provider vscode.git 605
2026-04-19 16:56:22.436 [warning] [Decorations] CAPPING events from decorations provider vscode.git 605
2026-04-19 16:56:27.605 [warning] [Decorations] CAPPING events from decorations provider vscode.git 605
2026-04-19 16:56:32.722 [warning] [Decorations] CAPPING events from decorations provider vscode.git 605
2026-04-19 16:56:37.925 [warning] [Decorations] CAPPING events from decorations provider vscode.git 605
2026-04-19 16:56:43.038 [warning] [Decorations] CAPPING events from decorations provider vscode.git 605
2026-04-19 16:56:48.191 [warning] [Decorations] CAPPING events from decorations provider vscode.git 605
2026-04-19 16:56:53.295 [warning] [Decorations] CAPPING events from decorations provider vscode.git 605
2026-04-19 16:56:58.397 [warning] [Decorations] CAPPING events from decorations provider vscode.git 605
2026-04-19 16:57:03.500 [warning] [Decorations] CAPPING events from decorations provider vscode.git 605
2026-04-19 16:57:08.592 [warning] [Decorations] CAPPING events from decorations provider vscode.git 605
2026-04-19 16:57:13.685 [warning] [Decorations] CAPPING events from decorations provider vscode.git 605
2026-04-19 16:57:18.791 [warning] [Decorations] CAPPING events from decorations provider vscode.git 605
2026-04-19 16:57:23.895 [warning] [Decorations] CAPPING events from decorations provider vscode.git 605
2026-04-19 16:57:28.982 [warning] [Decorations] CAPPING events from decorations provider vscode.git 606
2026-04-19 16:57:34.082 [warning] [Decorations] CAPPING events from decorations provider vscode.git 606
2026-04-19 16:57:39.179 [warning] [Decorations] CAPPING events from decorations provider vscode.git 606
2026-04-19 16:57:44.288 [warning] [Decorations] CAPPING events from decorations provider vscode.git 606
2026-04-19 16:57:49.414 [warning] [Decorations] CAPPING events from decorations provider vscode.git 607
2026-04-19 16:57:54.513 [warning] [Decorations] CAPPING events from decorations provider vscode.git 607
2026-04-19 16:57:59.615 [warning] [Decorations] CAPPING events from decorations provider vscode.git 608
2026-04-19 16:58:04.706 [warning] [Decorations] CAPPING events from decorations provider vscode.git 608
2026-04-19 16:58:09.817 [warning] [Decorations] CAPPING events from decorations provider vscode.git 608
2026-04-19 16:58:14.917 [warning] [Decorations] CAPPING events from decorations provider vscode.git 608
2026-04-19 16:58:20.019 [warning] [Decorations] CAPPING events from decorations provider vscode.git 608
2026-04-19 16:58:25.094 [warning] [Decorations] CAPPING events from decorations provider vscode.git 608
2026-04-19 16:58:30.176 [warning] [Decorations] CAPPING events from decorations provider vscode.git 609
2026-04-19 16:58:35.260 [warning] [Decorations] CAPPING events from decorations provider vscode.git 609
2026-04-19 16:58:40.357 [warning] [Decorations] CAPPING events from decorations provider vscode.git 609
2026-04-19 16:58:45.460 [warning] [Decorations] CAPPING events from decorations provider vscode.git 609
2026-04-19 16:58:50.554 [warning] [Decorations] CAPPING events from decorations provider vscode.git 609
2026-04-19 16:58:55.666 [warning] [Decorations] CAPPING events from decorations provider vscode.git 609
2026-04-19 16:59:00.753 [warning] [Decorations] CAPPING events from decorations provider vscode.git 609
2026-04-19 16:59:05.854 [warning] [Decorations] CAPPING events from decorations provider vscode.git 609
2026-04-19 16:59:10.949 [warning] [Decorations] CAPPING events from decorations provider vscode.git 609
2026-04-19 16:59:16.056 [warning] [Decorations] CAPPING events from decorations provider vscode.git 609
2026-04-19 16:59:21.158 [warning] [Decorations] CAPPING events from decorations provider vscode.git 609
2026-04-19 16:59:26.274 [warning] [Decorations] CAPPING events from decorations provider vscode.git 609
2026-04-19 16:59:31.376 [warning] [Decorations] CAPPING events from decorations provider vscode.git 609
2026-04-19 16:59:36.470 [warning] [Decorations] CAPPING events from decorations provider vscode.git 609
2026-04-19 16:59:41.576 [warning] [Decorations] CAPPING events from decorations provider vscode.git 609
2026-04-19 16:59:46.659 [warning] [Decorations] CAPPING events from decorations provider vscode.git 609
2026-04-19 16:59:51.768 [warning] [Decorations] CAPPING events from decorations provider vscode.git 609
2026-04-19 16:59:56.873 [warning] [Decorations] CAPPING events from decorations provider vscode.git 609
2026-04-19 17:00:01.974 [warning] [Decorations] CAPPING events from decorations provider vscode.git 609
2026-04-19 17:00:07.065 [warning] [Decorations] CAPPING events from decorations provider vscode.git 610
2026-04-19 17:00:12.188 [warning] [Decorations] CAPPING events from decorations provider vscode.git 610
2026-04-19 17:00:17.303 [warning] [Decorations] CAPPING events from decorations provider vscode.git 611
2026-04-19 17:00:22.409 [warning] [Decorations] CAPPING events from decorations provider vscode.git 611
2026-04-19 17:00:27.516 [warning] [Decorations] CAPPING events from decorations provider vscode.git 612
2026-04-19 17:00:32.608 [warning] [Decorations] CAPPING events from decorations provider vscode.git 613
2026-04-19 17:00:37.704 [warning] [Decorations] CAPPING events from decorations provider vscode.git 613
2026-04-19 17:00:42.791 [warning] [Decorations] CAPPING events from decorations provider vscode.git 613
2026-04-19 17:00:47.903 [warning] [Decorations] CAPPING events from decorations provider vscode.git 613
2026-04-19 17:00:58.540 [warning] [Decorations] CAPPING events from decorations provider vscode.git 613
2026-04-19 17:01:03.620 [warning] [Decorations] CAPPING events from decorations provider vscode.git 613
2026-04-19 17:01:08.701 [warning] [Decorations] CAPPING events from decorations provider vscode.git 613
2026-04-19 17:01:13.842 [warning] [Decorations] CAPPING events from decorations provider vscode.git 613
2026-04-19 17:01:18.951 [warning] [Decorations] CAPPING events from decorations provider vscode.git 614
2026-04-19 17:01:24.042 [warning] [Decorations] CAPPING events from decorations provider vscode.git 614
2026-04-19 17:01:33.841 [warning] [Decorations] CAPPING events from decorations provider vscode.git 615
2026-04-19 17:01:38.946 [warning] [Decorations] CAPPING events from decorations provider vscode.git 615
2026-04-19 17:01:44.063 [warning] [Decorations] CAPPING events from decorations provider vscode.git 615
2026-04-19 17:01:49.151 [warning] [Decorations] CAPPING events from decorations provider vscode.git 615
2026-04-19 17:01:54.255 [warning] [Decorations] CAPPING events from decorations provider vscode.git 615
2026-04-19 17:01:59.355 [warning] [Decorations] CAPPING events from decorations provider vscode.git 615
2026-04-19 17:02:04.491 [warning] [Decorations] CAPPING events from decorations provider vscode.git 616
2026-04-19 17:02:09.571 [warning] [Decorations] CAPPING events from decorations provider vscode.git 616
2026-04-19 17:02:14.667 [warning] [Decorations] CAPPING events from decorations provider vscode.git 616
2026-04-19 17:02:19.762 [warning] [Decorations] CAPPING events from decorations provider vscode.git 616
2026-04-19 17:02:24.883 [warning] [Decorations] CAPPING events from decorations provider vscode.git 616
2026-04-19 17:02:29.988 [warning] [Decorations] CAPPING events from decorations provider vscode.git 616
2026-04-19 17:02:35.112 [warning] [Decorations] CAPPING events from decorations provider vscode.git 616
2026-04-19 17:02:40.226 [warning] [Decorations] CAPPING events from decorations provider vscode.git 616
2026-04-19 17:02:45.336 [warning] [Decorations] CAPPING events from decorations provider vscode.git 616
2026-04-19 17:02:50.423 [warning] [Decorations] CAPPING events from decorations provider vscode.git 616
2026-04-19 17:02:55.522 [warning] [Decorations] CAPPING events from decorations provider vscode.git 616
2026-04-19 17:03:00.630 [warning] [Decorations] CAPPING events from decorations provider vscode.git 616
2026-04-19 17:03:05.737 [warning] [Decorations] CAPPING events from decorations provider vscode.git 616
2026-04-19 17:03:10.831 [warning] [Decorations] CAPPING events from decorations provider vscode.git 616
2026-04-19 17:03:15.941 [warning] [Decorations] CAPPING events from decorations provider vscode.git 616
2026-04-19 17:03:21.024 [warning] [Decorations] CAPPING events from decorations provider vscode.git 616
2026-04-19 17:03:26.126 [warning] [Decorations] CAPPING events from decorations provider vscode.git 616
2026-04-19 17:03:31.226 [warning] [Decorations] CAPPING events from decorations provider vscode.git 616
2026-04-19 17:03:36.328 [warning] [Decorations] CAPPING events from decorations provider vscode.git 616
2026-04-19 17:03:41.440 [warning] [Decorations] CAPPING events from decorations provider vscode.git 616
2026-04-19 17:03:46.530 [warning] [Decorations] CAPPING events from decorations provider vscode.git 616
2026-04-19 17:03:51.624 [warning] [Decorations] CAPPING events from decorations provider vscode.git 616
2026-04-19 17:03:56.712 [warning] [Decorations] CAPPING events from decorations provider vscode.git 616
2026-04-19 17:04:02.505 [warning] [Decorations] CAPPING events from decorations provider vscode.git 616
2026-04-19 17:04:07.593 [warning] [Decorations] CAPPING events from decorations provider vscode.git 616
2026-04-19 17:04:12.686 [warning] [Decorations] CAPPING events from decorations provider vscode.git 616
2026-04-19 17:04:17.793 [warning] [Decorations] CAPPING events from decorations provider vscode.git 616
2026-04-19 17:04:22.881 [warning] [Decorations] CAPPING events from decorations provider vscode.git 616
2026-04-19 17:04:27.980 [warning] [Decorations] CAPPING events from decorations provider vscode.git 616
2026-04-19 17:04:33.062 [warning] [Decorations] CAPPING events from decorations provider vscode.git 617
2026-04-19 17:04:40.917 [warning] [Decorations] CAPPING events from decorations provider vscode.git 617
2026-04-19 17:04:55.485 [warning] [Decorations] CAPPING events from decorations provider vscode.git 617
2026-04-19 17:05:07.597 [warning] [Decorations] CAPPING events from decorations provider vscode.git 617
2026-04-19 17:05:16.632 [warning] [Decorations] CAPPING events from decorations provider vscode.git 617
2026-04-19 17:05:21.729 [warning] [Decorations] CAPPING events from decorations provider vscode.git 617
2026-04-19 17:05:26.844 [warning] [Decorations] CAPPING events from decorations provider vscode.git 617
2026-04-19 17:05:31.935 [warning] [Decorations] CAPPING events from decorations provider vscode.git 617
2026-04-19 17:05:37.032 [warning] [Decorations] CAPPING events from decorations provider vscode.git 617
2026-04-19 17:05:42.141 [warning] [Decorations] CAPPING events from decorations provider vscode.git 617
2026-04-19 17:05:47.239 [warning] [Decorations] CAPPING events from decorations provider vscode.git 617
2026-04-19 17:05:52.327 [warning] [Decorations] CAPPING events from decorations provider vscode.git 617
2026-04-19 17:05:57.441 [warning] [Decorations] CAPPING events from decorations provider vscode.git 617
2026-04-19 17:06:23.125 [warning] [Decorations] CAPPING events from decorations provider vscode.git 618
2026-04-19 17:06:28.225 [warning] [Decorations] CAPPING events from decorations provider vscode.git 618
2026-04-19 17:06:33.326 [warning] [Decorations] CAPPING events from decorations provider vscode.git 618
2026-04-19 17:06:38.429 [warning] [Decorations] CAPPING events from decorations provider vscode.git 618
2026-04-19 17:06:43.514 [warning] [Decorations] CAPPING events from decorations provider vscode.git 618
2026-04-19 17:06:48.598 [warning] [Decorations] CAPPING events from decorations provider vscode.git 618
2026-04-19 17:06:53.714 [warning] [Decorations] CAPPING events from decorations provider vscode.git 618
2026-04-19 17:06:58.819 [warning] [Decorations] CAPPING events from decorations provider vscode.git 618
2026-04-19 17:07:03.911 [warning] [Decorations] CAPPING events from decorations provider vscode.git 618
2026-04-19 17:07:09.710 [warning] [Decorations] CAPPING events from decorations provider vscode.git 618
2026-04-19 17:07:14.807 [warning] [Decorations] CAPPING events from decorations provider vscode.git 617
2026-04-19 17:07:19.910 [warning] [Decorations] CAPPING events from decorations provider vscode.git 617
2026-04-19 17:07:25.016 [warning] [Decorations] CAPPING events from decorations provider vscode.git 618
2026-04-19 17:07:30.119 [warning] [Decorations] CAPPING events from decorations provider vscode.git 618
2026-04-19 17:07:35.221 [warning] [Decorations] CAPPING events from decorations provider vscode.git 618
2026-04-19 17:07:40.324 [warning] [Decorations] CAPPING events from decorations provider vscode.git 618
2026-04-19 17:07:53.265 [warning] [Decorations] CAPPING events from decorations provider vscode.git 619
2026-04-19 17:08:06.823 [warning] [Decorations] CAPPING events from decorations provider vscode.git 620
2026-04-19 17:08:11.910 [warning] [Decorations] CAPPING events from decorations provider vscode.git 620
2026-04-19 17:08:17.000 [warning] [Decorations] CAPPING events from decorations provider vscode.git 620
2026-04-19 17:08:23.870 [warning] [Decorations] CAPPING events from decorations provider vscode.git 620
2026-04-19 17:08:29.005 [warning] [Decorations] CAPPING events from decorations provider vscode.git 620
2026-04-19 17:08:34.105 [warning] [Decorations] CAPPING events from decorations provider vscode.git 620
2026-04-19 17:08:39.210 [warning] [Decorations] CAPPING events from decorations provider vscode.git 620
2026-04-19 17:08:44.286 [warning] [Decorations] CAPPING events from decorations provider vscode.git 621
2026-04-19 17:08:49.407 [warning] [Decorations] CAPPING events from decorations provider vscode.git 621
2026-04-19 17:08:54.524 [warning] [Decorations] CAPPING events from decorations provider vscode.git 621
2026-04-19 17:08:59.631 [warning] [Decorations] CAPPING events from decorations provider vscode.git 621
2026-04-19 17:09:04.768 [warning] [Decorations] CAPPING events from decorations provider vscode.git 621
2026-04-19 17:09:09.871 [warning] [Decorations] CAPPING events from decorations provider vscode.git 621
2026-04-19 17:09:14.974 [warning] [Decorations] CAPPING events from decorations provider vscode.git 621
2026-04-19 17:09:20.078 [warning] [Decorations] CAPPING events from decorations provider vscode.git 621
2026-04-19 17:09:25.175 [warning] [Decorations] CAPPING events from decorations provider vscode.git 622
2026-04-19 17:09:30.275 [warning] [Decorations] CAPPING events from decorations provider vscode.git 622
2026-04-19 17:09:35.373 [warning] [Decorations] CAPPING events from decorations provider vscode.git 622
2026-04-19 17:09:40.464 [warning] [Decorations] CAPPING events from decorations provider vscode.git 622
2026-04-19 17:09:45.555 [warning] [Decorations] CAPPING events from decorations provider vscode.git 622
2026-04-19 17:09:50.650 [warning] [Decorations] CAPPING events from decorations provider vscode.git 623
2026-04-19 17:09:55.731 [warning] [Decorations] CAPPING events from decorations provider vscode.git 623
2026-04-19 17:10:00.843 [warning] [Decorations] CAPPING events from decorations provider vscode.git 623
2026-04-19 17:10:05.943 [warning] [Decorations] CAPPING events from decorations provider vscode.git 624
2026-04-19 17:10:11.042 [warning] [Decorations] CAPPING events from decorations provider vscode.git 624
2026-04-19 17:10:16.142 [warning] [Decorations] CAPPING events from decorations provider vscode.git 625
2026-04-19 17:10:21.253 [warning] [Decorations] CAPPING events from decorations provider vscode.git 625
2026-04-19 17:10:26.376 [warning] [Decorations] CAPPING events from decorations provider vscode.git 625
2026-04-19 17:10:31.491 [warning] [Decorations] CAPPING events from decorations provider vscode.git 625
2026-04-19 17:10:36.595 [warning] [Decorations] CAPPING events from decorations provider vscode.git 626
2026-04-19 17:10:41.686 [warning] [Decorations] CAPPING events from decorations provider vscode.git 626
2026-04-19 17:10:46.819 [warning] [Decorations] CAPPING events from decorations provider vscode.git 626
2026-04-19 17:10:51.908 [warning] [Decorations] CAPPING events from decorations provider vscode.git 626
2026-04-19 17:10:57.001 [warning] [Decorations] CAPPING events from decorations provider vscode.git 626
2026-04-19 17:11:02.081 [warning] [Decorations] CAPPING events from decorations provider vscode.git 627
2026-04-19 17:11:07.156 [warning] [Decorations] CAPPING events from decorations provider vscode.git 627
2026-04-19 17:11:12.261 [warning] [Decorations] CAPPING events from decorations provider vscode.git 627
2026-04-19 17:11:17.370 [warning] [Decorations] CAPPING events from decorations provider vscode.git 627
2026-04-19 17:11:23.078 [warning] [Decorations] CAPPING events from decorations provider vscode.git 627
2026-04-19 17:11:28.190 [warning] [Decorations] CAPPING events from decorations provider vscode.git 627
2026-04-19 17:11:33.287 [warning] [Decorations] CAPPING events from decorations provider vscode.git 627
2026-04-19 17:11:38.376 [warning] [Decorations] CAPPING events from decorations provider vscode.git 627
2026-04-19 17:11:43.479 [warning] [Decorations] CAPPING events from decorations provider vscode.git 627
2026-04-19 17:11:48.583 [warning] [Decorations] CAPPING events from decorations provider vscode.git 628
2026-04-19 17:11:53.679 [warning] [Decorations] CAPPING events from decorations provider vscode.git 628
2026-04-19 17:11:58.770 [warning] [Decorations] CAPPING events from decorations provider vscode.git 628
2026-04-19 17:12:03.846 [warning] [Decorations] CAPPING events from decorations provider vscode.git 629
2026-04-19 17:12:08.949 [warning] [Decorations] CAPPING events from decorations provider vscode.git 629
2026-04-19 17:12:14.045 [warning] [Decorations] CAPPING events from decorations provider vscode.git 629
2026-04-19 17:12:19.134 [warning] [Decorations] CAPPING events from decorations provider vscode.git 629
2026-04-19 17:12:24.219 [warning] [Decorations] CAPPING events from decorations provider vscode.git 629
2026-04-19 17:12:29.317 [warning] [Decorations] CAPPING events from decorations provider vscode.git 629
2026-04-19 17:12:34.411 [warning] [Decorations] CAPPING events from decorations provider vscode.git 630
2026-04-19 17:12:39.499 [warning] [Decorations] CAPPING events from decorations provider vscode.git 630
2026-04-19 17:12:44.604 [warning] [Decorations] CAPPING events from decorations provider vscode.git 630
2026-04-19 17:12:49.724 [warning] [Decorations] CAPPING events from decorations provider vscode.git 630
2026-04-19 17:12:54.821 [warning] [Decorations] CAPPING events from decorations provider vscode.git 630
2026-04-19 17:12:59.931 [warning] [Decorations] CAPPING events from decorations provider vscode.git 631
2026-04-19 17:13:05.020 [warning] [Decorations] CAPPING events from decorations provider vscode.git 631
2026-04-19 17:13:10.107 [warning] [Decorations] CAPPING events from decorations provider vscode.git 631
2026-04-19 17:13:15.209 [warning] [Decorations] CAPPING events from decorations provider vscode.git 631
2026-04-19 17:13:20.295 [warning] [Decorations] CAPPING events from decorations provider vscode.git 631
2026-04-19 17:13:25.399 [warning] [Decorations] CAPPING events from decorations provider vscode.git 632
2026-04-19 17:13:30.497 [warning] [Decorations] CAPPING events from decorations provider vscode.git 632
2026-04-19 17:13:35.597 [warning] [Decorations] CAPPING events from decorations provider vscode.git 632
2026-04-19 17:13:40.699 [warning] [Decorations] CAPPING events from decorations provider vscode.git 632
2026-04-19 17:13:45.813 [warning] [Decorations] CAPPING events from decorations provider vscode.git 632
2026-04-19 17:13:50.899 [warning] [Decorations] CAPPING events from decorations provider vscode.git 632
2026-04-19 17:13:56.009 [warning] [Decorations] CAPPING events from decorations provider vscode.git 632
2026-04-19 17:14:01.119 [warning] [Decorations] CAPPING events from decorations provider vscode.git 632
2026-04-19 17:14:06.949 [warning] [Decorations] CAPPING events from decorations provider vscode.git 632
2026-04-19 17:14:12.032 [warning] [Decorations] CAPPING events from decorations provider vscode.git 632
2026-04-19 17:14:17.890 [warning] [Decorations] CAPPING events from decorations provider vscode.git 633
2026-04-19 17:14:22.969 [warning] [Decorations] CAPPING events from decorations provider vscode.git 633
2026-04-19 17:14:28.067 [warning] [Decorations] CAPPING events from decorations provider vscode.git 633
2026-04-19 17:14:33.153 [warning] [Decorations] CAPPING events from decorations provider vscode.git 633
2026-04-19 17:14:38.262 [warning] [Decorations] CAPPING events from decorations provider vscode.git 633
2026-04-19 17:14:43.369 [warning] [Decorations] CAPPING events from decorations provider vscode.git 634
2026-04-19 17:14:48.468 [warning] [Decorations] CAPPING events from decorations provider vscode.git 634
2026-04-19 17:14:53.556 [warning] [Decorations] CAPPING events from decorations provider vscode.git 634
2026-04-19 17:14:58.657 [warning] [Decorations] CAPPING events from decorations provider vscode.git 634
2026-04-19 17:15:03.799 [warning] [Decorations] CAPPING events from decorations provider vscode.git 634
2026-04-19 17:15:08.912 [warning] [Decorations] CAPPING events from decorations provider vscode.git 634
2026-04-19 17:15:14.010 [warning] [Decorations] CAPPING events from decorations provider vscode.git 634
2026-04-19 17:15:19.103 [warning] [Decorations] CAPPING events from decorations provider vscode.git 634
2026-04-19 17:15:24.198 [warning] [Decorations] CAPPING events from decorations provider vscode.git 634
2026-04-19 17:15:29.297 [warning] [Decorations] CAPPING events from decorations provider vscode.git 634
2026-04-19 17:15:34.404 [warning] [Decorations] CAPPING events from decorations provider vscode.git 635
2026-04-19 17:15:39.500 [warning] [Decorations] CAPPING events from decorations provider vscode.git 635
2026-04-19 17:15:44.581 [warning] [Decorations] CAPPING events from decorations provider vscode.git 635
2026-04-19 17:15:49.689 [warning] [Decorations] CAPPING events from decorations provider vscode.git 635
2026-04-19 17:15:54.787 [warning] [Decorations] CAPPING events from decorations provider vscode.git 635
2026-04-19 17:15:59.886 [warning] [Decorations] CAPPING events from decorations provider vscode.git 636
2026-04-19 17:16:04.972 [warning] [Decorations] CAPPING events from decorations provider vscode.git 636
2026-04-19 17:16:10.056 [warning] [Decorations] CAPPING events from decorations provider vscode.git 636
2026-04-19 17:16:15.165 [warning] [Decorations] CAPPING events from decorations provider vscode.git 636
2026-04-19 17:16:20.269 [warning] [Decorations] CAPPING events from decorations provider vscode.git 636
2026-04-19 17:16:25.366 [warning] [Decorations] CAPPING events from decorations provider vscode.git 636
2026-04-19 17:16:30.482 [warning] [Decorations] CAPPING events from decorations provider vscode.git 636
2026-04-19 17:16:35.571 [warning] [Decorations] CAPPING events from decorations provider vscode.git 636
2026-04-19 17:16:40.690 [warning] [Decorations] CAPPING events from decorations provider vscode.git 637
2026-04-19 17:16:45.796 [warning] [Decorations] CAPPING events from decorations provider vscode.git 637
2026-04-19 17:16:50.899 [warning] [Decorations] CAPPING events from decorations provider vscode.git 637
2026-04-19 17:16:56.000 [warning] [Decorations] CAPPING events from decorations provider vscode.git 637
2026-04-19 17:17:01.095 [warning] [Decorations] CAPPING events from decorations provider vscode.git 638
2026-04-19 17:17:06.215 [warning] [Decorations] CAPPING events from decorations provider vscode.git 638
2026-04-19 17:17:11.312 [warning] [Decorations] CAPPING events from decorations provider vscode.git 638
2026-04-19 17:17:16.420 [warning] [Decorations] CAPPING events from decorations provider vscode.git 639
2026-04-19 17:17:21.523 [warning] [Decorations] CAPPING events from decorations provider vscode.git 639
2026-04-19 17:17:26.604 [warning] [Decorations] CAPPING events from decorations provider vscode.git 639
2026-04-19 17:17:31.708 [warning] [Decorations] CAPPING events from decorations provider vscode.git 639
2026-04-19 17:17:36.824 [warning] [Decorations] CAPPING events from decorations provider vscode.git 639
2026-04-19 17:17:41.924 [warning] [Decorations] CAPPING events from decorations provider vscode.git 639
2026-04-19 17:17:47.045 [warning] [Decorations] CAPPING events from decorations provider vscode.git 639
2026-04-19 17:17:52.155 [warning] [Decorations] CAPPING events from decorations provider vscode.git 639
2026-04-19 17:17:57.262 [warning] [Decorations] CAPPING events from decorations provider vscode.git 640
2026-04-19 17:18:02.344 [warning] [Decorations] CAPPING events from decorations provider vscode.git 640
2026-04-19 17:18:07.492 [warning] [Decorations] CAPPING events from decorations provider vscode.git 640
2026-04-19 17:18:12.618 [warning] [Decorations] CAPPING events from decorations provider vscode.git 640
2026-04-19 17:18:17.711 [warning] [Decorations] CAPPING events from decorations provider vscode.git 640
2026-04-19 17:18:22.818 [warning] [Decorations] CAPPING events from decorations provider vscode.git 641
2026-04-19 17:18:27.911 [warning] [Decorations] CAPPING events from decorations provider vscode.git 641
2026-04-19 17:18:32.997 [warning] [Decorations] CAPPING events from decorations provider vscode.git 641
2026-04-19 17:18:38.091 [warning] [Decorations] CAPPING events from decorations provider vscode.git 641
2026-04-19 17:18:43.206 [warning] [Decorations] CAPPING events from decorations provider vscode.git 642
2026-04-19 17:18:48.328 [warning] [Decorations] CAPPING events from decorations provider vscode.git 642
2026-04-19 17:18:53.415 [warning] [Decorations] CAPPING events from decorations provider vscode.git 642
2026-04-19 17:18:58.499 [warning] [Decorations] CAPPING events from decorations provider vscode.git 642
2026-04-19 17:19:03.616 [warning] [Decorations] CAPPING events from decorations provider vscode.git 642
2026-04-19 17:19:08.714 [warning] [Decorations] CAPPING events from decorations provider vscode.git 642
2026-04-19 17:19:13.823 [warning] [Decorations] CAPPING events from decorations provider vscode.git 642
2026-04-19 17:19:18.930 [warning] [Decorations] CAPPING events from decorations provider vscode.git 642
2026-04-19 17:19:24.019 [warning] [Decorations] CAPPING events from decorations provider vscode.git 642
2026-04-19 17:19:29.143 [warning] [Decorations] CAPPING events from decorations provider vscode.git 642
2026-04-19 17:19:34.252 [warning] [Decorations] CAPPING events from decorations provider vscode.git 642
2026-04-19 17:19:39.358 [warning] [Decorations] CAPPING events from decorations provider vscode.git 643
2026-04-19 17:19:44.478 [warning] [Decorations] CAPPING events from decorations provider vscode.git 643
2026-04-19 17:19:49.569 [warning] [Decorations] CAPPING events from decorations provider vscode.git 643
2026-04-19 17:19:54.682 [warning] [Decorations] CAPPING events from decorations provider vscode.git 643
2026-04-19 17:19:59.771 [warning] [Decorations] CAPPING events from decorations provider vscode.git 644
2026-04-19 17:20:04.870 [warning] [Decorations] CAPPING events from decorations provider vscode.git 644
2026-04-19 17:20:09.955 [warning] [Decorations] CAPPING events from decorations provider vscode.git 644
2026-04-19 17:20:15.044 [warning] [Decorations] CAPPING events from decorations provider vscode.git 645
2026-04-19 17:20:20.131 [warning] [Decorations] CAPPING events from decorations provider vscode.git 645
2026-04-19 17:20:25.259 [warning] [Decorations] CAPPING events from decorations provider vscode.git 646
2026-04-19 17:20:30.363 [warning] [Decorations] CAPPING events from decorations provider vscode.git 646
2026-04-19 17:20:35.479 [warning] [Decorations] CAPPING events from decorations provider vscode.git 647
2026-04-19 17:20:40.576 [warning] [Decorations] CAPPING events from decorations provider vscode.git 647
2026-04-19 17:20:45.677 [warning] [Decorations] CAPPING events from decorations provider vscode.git 647
2026-04-19 17:20:50.749 [warning] [Decorations] CAPPING events from decorations provider vscode.git 647
2026-04-19 17:20:55.890 [warning] [Decorations] CAPPING events from decorations provider vscode.git 647
2026-04-19 17:21:00.985 [warning] [Decorations] CAPPING events from decorations provider vscode.git 647
2026-04-19 17:21:06.095 [warning] [Decorations] CAPPING events from decorations provider vscode.git 647
2026-04-19 17:21:11.260 [warning] [Decorations] CAPPING events from decorations provider vscode.git 647
2026-04-19 17:21:16.351 [warning] [Decorations] CAPPING events from decorations provider vscode.git 647
2026-04-19 17:21:21.441 [warning] [Decorations] CAPPING events from decorations provider vscode.git 647
2026-04-19 17:21:26.530 [warning] [Decorations] CAPPING events from decorations provider vscode.git 647
2026-04-19 17:21:31.654 [warning] [Decorations] CAPPING events from decorations provider vscode.git 647
2026-04-19 17:21:36.742 [warning] [Decorations] CAPPING events from decorations provider vscode.git 648
2026-04-19 17:21:41.842 [warning] [Decorations] CAPPING events from decorations provider vscode.git 648
2026-04-19 17:21:46.994 [warning] [Decorations] CAPPING events from decorations provider vscode.git 648
2026-04-19 17:21:52.096 [warning] [Decorations] CAPPING events from decorations provider vscode.git 648
2026-04-19 17:21:57.200 [warning] [Decorations] CAPPING events from decorations provider vscode.git 648
2026-04-19 17:22:02.290 [warning] [Decorations] CAPPING events from decorations provider vscode.git 649
2026-04-19 17:22:07.369 [warning] [Decorations] CAPPING events from decorations provider vscode.git 650
2026-04-19 17:22:12.496 [warning] [Decorations] CAPPING events from decorations provider vscode.git 650
2026-04-19 17:22:17.612 [warning] [Decorations] CAPPING events from decorations provider vscode.git 650
2026-04-19 17:22:22.700 [warning] [Decorations] CAPPING events from decorations provider vscode.git 650
2026-04-19 17:22:27.792 [warning] [Decorations] CAPPING events from decorations provider vscode.git 650
2026-04-19 17:22:32.897 [warning] [Decorations] CAPPING events from decorations provider vscode.git 650
2026-04-19 17:22:37.977 [warning] [Decorations] CAPPING events from decorations provider vscode.git 650
2026-04-19 17:22:45.065 [warning] [Decorations] CAPPING events from decorations provider vscode.git 650
2026-04-19 17:22:50.166 [warning] [Decorations] CAPPING events from decorations provider vscode.git 650
2026-04-19 17:22:55.256 [warning] [Decorations] CAPPING events from decorations provider vscode.git 650
2026-04-19 17:23:00.355 [warning] [Decorations] CAPPING events from decorations provider vscode.git 650
2026-04-19 17:23:05.460 [warning] [Decorations] CAPPING events from decorations provider vscode.git 650
2026-04-19 17:23:10.559 [warning] [Decorations] CAPPING events from decorations provider vscode.git 650
2026-04-19 17:23:15.670 [warning] [Decorations] CAPPING events from decorations provider vscode.git 651
2026-04-19 17:23:21.336 [warning] [Decorations] CAPPING events from decorations provider vscode.git 652
2026-04-19 17:23:26.431 [warning] [Decorations] CAPPING events from decorations provider vscode.git 652
2026-04-19 17:23:36.916 [warning] [Decorations] CAPPING events from decorations provider vscode.git 652
2026-04-19 17:23:42.026 [warning] [Decorations] CAPPING events from decorations provider vscode.git 652
2026-04-19 17:23:50.967 [warning] [Decorations] CAPPING events from decorations provider vscode.git 652
2026-04-19 17:23:56.078 [warning] [Decorations] CAPPING events from decorations provider vscode.git 652
2026-04-19 17:24:01.181 [warning] [Decorations] CAPPING events from decorations provider vscode.git 652
2026-04-19 17:24:06.297 [warning] [Decorations] CAPPING events from decorations provider vscode.git 652
2026-04-19 17:24:11.406 [warning] [Decorations] CAPPING events from decorations provider vscode.git 652
2026-04-19 17:24:16.512 [warning] [Decorations] CAPPING events from decorations provider vscode.git 652
2026-04-19 17:24:21.600 [warning] [Decorations] CAPPING events from decorations provider vscode.git 652
2026-04-19 17:24:26.700 [warning] [Decorations] CAPPING events from decorations provider vscode.git 652
2026-04-19 17:24:31.815 [warning] [Decorations] CAPPING events from decorations provider vscode.git 652
2026-04-19 17:24:36.935 [warning] [Decorations] CAPPING events from decorations provider vscode.git 652
2026-04-19 17:24:42.024 [warning] [Decorations] CAPPING events from decorations provider vscode.git 652
2026-04-19 17:24:47.125 [warning] [Decorations] CAPPING events from decorations provider vscode.git 652
2026-04-19 17:24:52.239 [warning] [Decorations] CAPPING events from decorations provider vscode.git 652
2026-04-19 17:24:57.334 [warning] [Decorations] CAPPING events from decorations provider vscode.git 652
2026-04-19 17:25:02.420 [warning] [Decorations] CAPPING events from decorations provider vscode.git 652
2026-04-19 17:25:07.532 [warning] [Decorations] CAPPING events from decorations provider vscode.git 652
2026-04-19 17:25:12.649 [warning] [Decorations] CAPPING events from decorations provider vscode.git 652
2026-04-19 17:25:17.752 [warning] [Decorations] CAPPING events from decorations provider vscode.git 652
2026-04-19 17:25:22.866 [warning] [Decorations] CAPPING events from decorations provider vscode.git 652
2026-04-19 17:25:27.963 [warning] [Decorations] CAPPING events from decorations provider vscode.git 652
2026-04-19 17:25:33.085 [warning] [Decorations] CAPPING events from decorations provider vscode.git 652
2026-04-19 17:25:38.202 [warning] [Decorations] CAPPING events from decorations provider vscode.git 652
2026-04-19 17:25:43.312 [warning] [Decorations] CAPPING events from decorations provider vscode.git 652
2026-04-19 17:25:48.420 [warning] [Decorations] CAPPING events from decorations provider vscode.git 652
2026-04-19 17:25:53.513 [warning] [Decorations] CAPPING events from decorations provider vscode.git 652
2026-04-19 17:25:58.630 [warning] [Decorations] CAPPING events from decorations provider vscode.git 652
2026-04-19 17:26:03.740 [warning] [Decorations] CAPPING events from decorations provider vscode.git 652
2026-04-19 17:26:08.845 [warning] [Decorations] CAPPING events from decorations provider vscode.git 652
2026-04-19 17:26:13.936 [warning] [Decorations] CAPPING events from decorations provider vscode.git 652
2026-04-19 17:26:19.028 [warning] [Decorations] CAPPING events from decorations provider vscode.git 652
2026-04-19 17:26:24.155 [warning] [Decorations] CAPPING events from decorations provider vscode.git 652
2026-04-19 17:26:29.241 [warning] [Decorations] CAPPING events from decorations provider vscode.git 652
2026-04-19 17:26:34.341 [warning] [Decorations] CAPPING events from decorations provider vscode.git 652
2026-04-19 17:26:39.443 [warning] [Decorations] CAPPING events from decorations provider vscode.git 652
2026-04-19 17:26:44.550 [warning] [Decorations] CAPPING events from decorations provider vscode.git 652
2026-04-19 17:26:49.715 [warning] [Decorations] CAPPING events from decorations provider vscode.git 653
2026-04-19 17:26:54.804 [warning] [Decorations] CAPPING events from decorations provider vscode.git 653
2026-04-19 17:26:59.899 [warning] [Decorations] CAPPING events from decorations provider vscode.git 653
2026-04-19 17:27:04.993 [warning] [Decorations] CAPPING events from decorations provider vscode.git 654
2026-04-19 17:27:10.105 [warning] [Decorations] CAPPING events from decorations provider vscode.git 654
2026-04-19 17:27:15.205 [warning] [Decorations] CAPPING events from decorations provider vscode.git 655
2026-04-19 17:27:20.283 [warning] [Decorations] CAPPING events from decorations provider vscode.git 656
2026-04-19 17:27:25.366 [warning] [Decorations] CAPPING events from decorations provider vscode.git 656
2026-04-19 17:27:30.512 [warning] [Decorations] CAPPING events from decorations provider vscode.git 656
2026-04-19 17:27:35.605 [warning] [Decorations] CAPPING events from decorations provider vscode.git 656
2026-04-19 17:27:41.191 [warning] [Decorations] CAPPING events from decorations provider vscode.git 656
